2019-02-09 14:54:05,465 INFO org.apache.hadoop.hdfs.server.namenode.SecondaryNameNode: STARTUP_MSG: 
/************************************************************
STARTUP_MSG: Starting SecondaryNameNode
STARTUP_MSG:   host = big-vm/192.168.1.2
STARTUP_MSG:   args = []
STARTUP_MSG:   version = 2.7.3
STARTUP_MSG:   classpath = /opt/hadoop/hadoop-2.7.3/etc/hadoop:/opt/hadoop/hadoop-2.7.3/share/hadoop/common/lib/curator-recipes-2.7.1.jar:/opt/hadoop/hadoop-2.7.3/share/hadoop/common/lib/jsr305-3.0.0.jar:/opt/hadoop/hadoop-2.7.3/share/hadoop/common/lib/commons-math3-3.1.1.jar:/opt/hadoop/hadoop-2.7.3/share/hadoop/common/lib/jackson-xc-1.9.13.jar:/opt/hadoop/hadoop-2.7.3/share/hadoop/common/lib/stax-api-1.0-2.jar:/opt/hadoop/hadoop-2.7.3/share/hadoop/common/lib/hamcrest-core-1.3.jar:/opt/hadoop/hadoop-2.7.3/share/hadoop/common/lib/jaxb-api-2.2.2.jar:/opt/hadoop/hadoop-2.7.3/share/hadoop/common/lib/apacheds-i18n-2.0.0-M15.jar:/opt/hadoop/hadoop-2.7.3/share/hadoop/common/lib/xmlenc-0.52.jar:/opt/hadoop/hadoop-2.7.3/share/hadoop/common/lib/asm-3.2.jar:/opt/hadoop/hadoop-2.7.3/share/hadoop/common/lib/jetty-6.1.26.jar:/opt/hadoop/hadoop-2.7.3/share/hadoop/common/lib/zookeeper-3.4.6.jar:/opt/hadoop/hadoop-2.7.3/share/hadoop/common/lib/commons-beanutils-1.7.0.jar:/opt/hadoop/hadoop-2.7.3/share/hadoop/common/lib/commons-logging-1.1.3.jar:/opt/hadoop/hadoop-2.7.3/share/hadoop/common/lib/htrace-core-3.1.0-incubating.jar:/opt/hadoop/hadoop-2.7.3/share/hadoop/common/lib/commons-codec-1.4.jar:/opt/hadoop/hadoop-2.7.3/share/hadoop/common/lib/jersey-json-1.9.jar:/opt/hadoop/hadoop-2.7.3/share/hadoop/common/lib/mockito-all-1.8.5.jar:/opt/hadoop/hadoop-2.7.3/share/hadoop/common/lib/commons-configuration-1.6.jar:/opt/hadoop/hadoop-2.7.3/share/hadoop/common/lib/jettison-1.1.jar:/opt/hadoop/hadoop-2.7.3/share/hadoop/common/lib/api-util-1.0.0-M20.jar:/opt/hadoop/hadoop-2.7.3/share/hadoop/common/lib/commons-compress-1.4.1.jar:/opt/hadoop/hadoop-2.7.3/share/hadoop/common/lib/jaxb-impl-2.2.3-1.jar:/opt/hadoop/hadoop-2.7.3/share/hadoop/common/lib/commons-net-3.1.jar:/opt/hadoop/hadoop-2.7.3/share/hadoop/common/lib/jsp-api-2.1.jar:/opt/hadoop/hadoop-2.7.3/share/hadoop/common/lib/jersey-core-1.9.jar:/opt/hadoop/hadoop-2.7.3/share/hadoop/common/lib/jackson-core-asl-1.9.13.jar:/opt/hadoop/hadoop-2.7.3/share/hadoop/common/lib/hadoop-annotations-2.7.3.jar:/opt/hadoop/hadoop-2.7.3/share/hadoop/common/lib/commons-digester-1.8.jar:/opt/hadoop/hadoop-2.7.3/share/hadoop/common/lib/commons-httpclient-3.1.jar:/opt/hadoop/hadoop-2.7.3/share/hadoop/common/lib/httpcore-4.2.5.jar:/opt/hadoop/hadoop-2.7.3/share/hadoop/common/lib/curator-framework-2.7.1.jar:/opt/hadoop/hadoop-2.7.3/share/hadoop/common/lib/netty-3.6.2.Final.jar:/opt/hadoop/hadoop-2.7.3/share/hadoop/common/lib/jackson-mapper-asl-1.9.13.jar:/opt/hadoop/hadoop-2.7.3/share/hadoop/common/lib/gson-2.2.4.jar:/opt/hadoop/hadoop-2.7.3/share/hadoop/common/lib/jets3t-0.9.0.jar:/opt/hadoop/hadoop-2.7.3/share/hadoop/common/lib/commons-lang-2.6.jar:/opt/hadoop/hadoop-2.7.3/share/hadoop/common/lib/commons-collections-3.2.2.jar:/opt/hadoop/hadoop-2.7.3/share/hadoop/common/lib/xz-1.0.jar:/opt/hadoop/hadoop-2.7.3/share/hadoop/common/lib/java-xmlbuilder-0.4.jar:/opt/hadoop/hadoop-2.7.3/share/hadoop/common/lib/log4j-1.2.17.jar:/opt/hadoop/hadoop-2.7.3/share/hadoop/common/lib/junit-4.11.jar:/opt/hadoop/hadoop-2.7.3/share/hadoop/common/lib/apacheds-kerberos-codec-2.0.0-M15.jar:/opt/hadoop/hadoop-2.7.3/share/hadoop/common/lib/protobuf-java-2.5.0.jar:/opt/hadoop/hadoop-2.7.3/share/hadoop/common/lib/commons-io-2.4.jar:/opt/hadoop/hadoop-2.7.3/share/hadoop/common/lib/api-asn1-api-1.0.0-M20.jar:/opt/hadoop/hadoop-2.7.3/share/hadoop/common/lib/slf4j-api-1.7.10.jar:/opt/hadoop/hadoop-2.7.3/share/hadoop/common/lib/commons-beanutils-core-1.8.0.jar:/opt/hadoop/hadoop-2.7.3/share/hadoop/common/lib/httpclient-4.2.5.jar:/opt/hadoop/hadoop-2.7.3/share/hadoop/common/lib/curator-client-2.7.1.jar:/opt/hadoop/hadoop-2.7.3/share/hadoop/common/lib/servlet-api-2.5.jar:/opt/hadoop/hadoop-2.7.3/share/hadoop/common/lib/slf4j-log4j12-1.7.10.jar:/opt/hadoop/hadoop-2.7.3/share/hadoop/common/lib/avro-1.7.4.jar:/opt/hadoop/hadoop-2.7.3/share/hadoop/common/lib/jsch-0.1.42.jar:/opt/hadoop/hadoop-2.7.3/share/hadoop/common/lib/snappy-java-1.0.4.1.jar:/opt/hadoop/hadoop-2.7.3/share/hadoop/common/lib/hadoop-auth-2.7.3.jar:/opt/hadoop/hadoop-2.7.3/share/hadoop/common/lib/jersey-server-1.9.jar:/opt/hadoop/hadoop-2.7.3/share/hadoop/common/lib/activation-1.1.jar:/opt/hadoop/hadoop-2.7.3/share/hadoop/common/lib/jetty-util-6.1.26.jar:/opt/hadoop/hadoop-2.7.3/share/hadoop/common/lib/jackson-jaxrs-1.9.13.jar:/opt/hadoop/hadoop-2.7.3/share/hadoop/common/lib/paranamer-2.3.jar:/opt/hadoop/hadoop-2.7.3/share/hadoop/common/lib/commons-cli-1.2.jar:/opt/hadoop/hadoop-2.7.3/share/hadoop/common/lib/guava-11.0.2.jar:/opt/hadoop/hadoop-2.7.3/share/hadoop/common/hadoop-common-2.7.3-tests.jar:/opt/hadoop/hadoop-2.7.3/share/hadoop/common/hadoop-common-2.7.3.jar:/opt/hadoop/hadoop-2.7.3/share/hadoop/common/hadoop-nfs-2.7.3.jar:/opt/hadoop/hadoop-2.7.3/share/hadoop/hdfs:/opt/hadoop/hadoop-2.7.3/share/hadoop/hdfs/lib/xercesImpl-2.9.1.jar:/opt/hadoop/hadoop-2.7.3/share/hadoop/hdfs/lib/jsr305-3.0.0.jar:/opt/hadoop/hadoop-2.7.3/share/hadoop/hdfs/lib/xmlenc-0.52.jar:/opt/hadoop/hadoop-2.7.3/share/hadoop/hdfs/lib/asm-3.2.jar:/opt/hadoop/hadoop-2.7.3/share/hadoop/hdfs/lib/jetty-6.1.26.jar:/opt/hadoop/hadoop-2.7.3/share/hadoop/hdfs/lib/commons-logging-1.1.3.jar:/opt/hadoop/hadoop-2.7.3/share/hadoop/hdfs/lib/htrace-core-3.1.0-incubating.jar:/opt/hadoop/hadoop-2.7.3/share/hadoop/hdfs/lib/commons-codec-1.4.jar:/opt/hadoop/hadoop-2.7.3/share/hadoop/hdfs/lib/jersey-core-1.9.jar:/opt/hadoop/hadoop-2.7.3/share/hadoop/hdfs/lib/jackson-core-asl-1.9.13.jar:/opt/hadoop/hadoop-2.7.3/share/hadoop/hdfs/lib/netty-all-4.0.23.Final.jar:/opt/hadoop/hadoop-2.7.3/share/hadoop/hdfs/lib/leveldbjni-all-1.8.jar:/opt/hadoop/hadoop-2.7.3/share/hadoop/hdfs/lib/netty-3.6.2.Final.jar:/opt/hadoop/hadoop-2.7.3/share/hadoop/hdfs/lib/jackson-mapper-asl-1.9.13.jar:/opt/hadoop/hadoop-2.7.3/share/hadoop/hdfs/lib/commons-lang-2.6.jar:/opt/hadoop/hadoop-2.7.3/share/hadoop/hdfs/lib/log4j-1.2.17.jar:/opt/hadoop/hadoop-2.7.3/share/hadoop/hdfs/lib/protobuf-java-2.5.0.jar:/opt/hadoop/hadoop-2.7.3/share/hadoop/hdfs/lib/commons-io-2.4.jar:/opt/hadoop/hadoop-2.7.3/share/hadoop/hdfs/lib/commons-daemon-1.0.13.jar:/opt/hadoop/hadoop-2.7.3/share/hadoop/hdfs/lib/servlet-api-2.5.jar:/opt/hadoop/hadoop-2.7.3/share/hadoop/hdfs/lib/xml-apis-1.3.04.jar:/opt/hadoop/hadoop-2.7.3/share/hadoop/hdfs/lib/jersey-server-1.9.jar:/opt/hadoop/hadoop-2.7.3/share/hadoop/hdfs/lib/jetty-util-6.1.26.jar:/opt/hadoop/hadoop-2.7.3/share/hadoop/hdfs/lib/commons-cli-1.2.jar:/opt/hadoop/hadoop-2.7.3/share/hadoop/hdfs/lib/guava-11.0.2.jar:/opt/hadoop/hadoop-2.7.3/share/hadoop/hdfs/hadoop-hdfs-2.7.3-tests.jar:/opt/hadoop/hadoop-2.7.3/share/hadoop/hdfs/hadoop-hdfs-nfs-2.7.3.jar:/opt/hadoop/hadoop-2.7.3/share/hadoop/hdfs/hadoop-hdfs-2.7.3.jar:/opt/hadoop/hadoop-2.7.3/share/hadoop/yarn/lib/jsr305-3.0.0.jar:/opt/hadoop/hadoop-2.7.3/share/hadoop/yarn/lib/jackson-xc-1.9.13.jar:/opt/hadoop/hadoop-2.7.3/share/hadoop/yarn/lib/zookeeper-3.4.6-tests.jar:/opt/hadoop/hadoop-2.7.3/share/hadoop/yarn/lib/stax-api-1.0-2.jar:/opt/hadoop/hadoop-2.7.3/share/hadoop/yarn/lib/jersey-guice-1.9.jar:/opt/hadoop/hadoop-2.7.3/share/hadoop/yarn/lib/jaxb-api-2.2.2.jar:/opt/hadoop/hadoop-2.7.3/share/hadoop/yarn/lib/asm-3.2.jar:/opt/hadoop/hadoop-2.7.3/share/hadoop/yarn/lib/jetty-6.1.26.jar:/opt/hadoop/hadoop-2.7.3/share/hadoop/yarn/lib/zookeeper-3.4.6.jar:/opt/hadoop/hadoop-2.7.3/share/hadoop/yarn/lib/commons-logging-1.1.3.jar:/opt/hadoop/hadoop-2.7.3/share/hadoop/yarn/lib/commons-codec-1.4.jar:/opt/hadoop/hadoop-2.7.3/share/hadoop/yarn/lib/jersey-json-1.9.jar:/opt/hadoop/hadoop-2.7.3/share/hadoop/yarn/lib/jettison-1.1.jar:/opt/hadoop/hadoop-2.7.3/share/hadoop/yarn/lib/commons-compress-1.4.1.jar:/opt/hadoop/hadoop-2.7.3/share/hadoop/yarn/lib/jaxb-impl-2.2.3-1.jar:/opt/hadoop/hadoop-2.7.3/share/hadoop/yarn/lib/jersey-core-1.9.jar:/opt/hadoop/hadoop-2.7.3/share/hadoop/yarn/lib/jackson-core-asl-1.9.13.jar:/opt/hadoop/hadoop-2.7.3/share/hadoop/yarn/lib/javax.inject-1.jar:/opt/hadoop/hadoop-2.7.3/share/hadoop/yarn/lib/leveldbjni-all-1.8.jar:/opt/hadoop/hadoop-2.7.3/share/hadoop/yarn/lib/netty-3.6.2.Final.jar:/opt/hadoop/hadoop-2.7.3/share/hadoop/yarn/lib/jackson-mapper-asl-1.9.13.jar:/opt/hadoop/hadoop-2.7.3/share/hadoop/yarn/lib/jersey-client-1.9.jar:/opt/hadoop/hadoop-2.7.3/share/hadoop/yarn/lib/commons-lang-2.6.jar:/opt/hadoop/hadoop-2.7.3/share/hadoop/yarn/lib/commons-collections-3.2.2.jar:/opt/hadoop/hadoop-2.7.3/share/hadoop/yarn/lib/xz-1.0.jar:/opt/hadoop/hadoop-2.7.3/share/hadoop/yarn/lib/aopalliance-1.0.jar:/opt/hadoop/hadoop-2.7.3/share/hadoop/yarn/lib/log4j-1.2.17.jar:/opt/hadoop/hadoop-2.7.3/share/hadoop/yarn/lib/guice-3.0.jar:/opt/hadoop/hadoop-2.7.3/share/hadoop/yarn/lib/protobuf-java-2.5.0.jar:/opt/hadoop/hadoop-2.7.3/share/hadoop/yarn/lib/commons-io-2.4.jar:/opt/hadoop/hadoop-2.7.3/share/hadoop/yarn/lib/guice-servlet-3.0.jar:/opt/hadoop/hadoop-2.7.3/share/hadoop/yarn/lib/servlet-api-2.5.jar:/opt/hadoop/hadoop-2.7.3/share/hadoop/yarn/lib/jersey-server-1.9.jar:/opt/hadoop/hadoop-2.7.3/share/hadoop/yarn/lib/activation-1.1.jar:/opt/hadoop/hadoop-2.7.3/share/hadoop/yarn/lib/jetty-util-6.1.26.jar:/opt/hadoop/hadoop-2.7.3/share/hadoop/yarn/lib/jackson-jaxrs-1.9.13.jar:/opt/hadoop/hadoop-2.7.3/share/hadoop/yarn/lib/commons-cli-1.2.jar:/opt/hadoop/hadoop-2.7.3/share/hadoop/yarn/lib/guava-11.0.2.jar:/opt/hadoop/hadoop-2.7.3/share/hadoop/yarn/hadoop-yarn-common-2.7.3.jar:/opt/hadoop/hadoop-2.7.3/share/hadoop/yarn/hadoop-yarn-api-2.7.3.jar:/opt/hadoop/hadoop-2.7.3/share/hadoop/yarn/hadoop-yarn-server-nodemanager-2.7.3.jar:/opt/hadoop/hadoop-2.7.3/share/hadoop/yarn/hadoop-yarn-server-web-proxy-2.7.3.jar:/opt/hadoop/hadoop-2.7.3/share/hadoop/yarn/hadoop-yarn-registry-2.7.3.jar:/opt/hadoop/hadoop-2.7.3/share/hadoop/yarn/hadoop-yarn-applications-unmanaged-am-launcher-2.7.3.jar:/opt/hadoop/hadoop-2.7.3/share/hadoop/yarn/hadoop-yarn-applications-distributedshell-2.7.3.jar:/opt/hadoop/hadoop-2.7.3/share/hadoop/yarn/hadoop-yarn-server-applicationhistoryservice-2.7.3.jar:/opt/hadoop/hadoop-2.7.3/share/hadoop/yarn/hadoop-yarn-server-common-2.7.3.jar:/opt/hadoop/hadoop-2.7.3/share/hadoop/yarn/hadoop-yarn-server-resourcemanager-2.7.3.jar:/opt/hadoop/hadoop-2.7.3/share/hadoop/yarn/hadoop-yarn-server-tests-2.7.3.jar:/opt/hadoop/hadoop-2.7.3/share/hadoop/yarn/hadoop-yarn-client-2.7.3.jar:/opt/hadoop/hadoop-2.7.3/share/hadoop/yarn/hadoop-yarn-server-sharedcachemanager-2.7.3.jar:/opt/hadoop/hadoop-2.7.3/share/hadoop/mapreduce/lib/jersey-guice-1.9.jar:/opt/hadoop/hadoop-2.7.3/share/hadoop/mapreduce/lib/hamcrest-core-1.3.jar:/opt/hadoop/hadoop-2.7.3/share/hadoop/mapreduce/lib/asm-3.2.jar:/opt/hadoop/hadoop-2.7.3/share/hadoop/mapreduce/lib/commons-compress-1.4.1.jar:/opt/hadoop/hadoop-2.7.3/share/hadoop/mapreduce/lib/jersey-core-1.9.jar:/opt/hadoop/hadoop-2.7.3/share/hadoop/mapreduce/lib/jackson-core-asl-1.9.13.jar:/opt/hadoop/hadoop-2.7.3/share/hadoop/mapreduce/lib/hadoop-annotations-2.7.3.jar:/opt/hadoop/hadoop-2.7.3/share/hadoop/mapreduce/lib/javax.inject-1.jar:/opt/hadoop/hadoop-2.7.3/share/hadoop/mapreduce/lib/leveldbjni-all-1.8.jar:/opt/hadoop/hadoop-2.7.3/share/hadoop/mapreduce/lib/netty-3.6.2.Final.jar:/opt/hadoop/hadoop-2.7.3/share/hadoop/mapreduce/lib/jackson-mapper-asl-1.9.13.jar:/opt/hadoop/hadoop-2.7.3/share/hadoop/mapreduce/lib/xz-1.0.jar:/opt/hadoop/hadoop-2.7.3/share/hadoop/mapreduce/lib/aopalliance-1.0.jar:/opt/hadoop/hadoop-2.7.3/share/hadoop/mapreduce/lib/log4j-1.2.17.jar:/opt/hadoop/hadoop-2.7.3/share/hadoop/mapreduce/lib/junit-4.11.jar:/opt/hadoop/hadoop-2.7.3/share/hadoop/mapreduce/lib/guice-3.0.jar:/opt/hadoop/hadoop-2.7.3/share/hadoop/mapreduce/lib/protobuf-java-2.5.0.jar:/opt/hadoop/hadoop-2.7.3/share/hadoop/mapreduce/lib/commons-io-2.4.jar:/opt/hadoop/hadoop-2.7.3/share/hadoop/mapreduce/lib/guice-servlet-3.0.jar:/opt/hadoop/hadoop-2.7.3/share/hadoop/mapreduce/lib/avro-1.7.4.jar:/opt/hadoop/hadoop-2.7.3/share/hadoop/mapreduce/lib/snappy-java-1.0.4.1.jar:/opt/hadoop/hadoop-2.7.3/share/hadoop/mapreduce/lib/jersey-server-1.9.jar:/opt/hadoop/hadoop-2.7.3/share/hadoop/mapreduce/lib/paranamer-2.3.jar:/opt/hadoop/hadoop-2.7.3/share/hadoop/mapreduce/hadoop-mapreduce-client-shuffle-2.7.3.jar:/opt/hadoop/hadoop-2.7.3/share/hadoop/mapreduce/hadoop-mapreduce-client-hs-2.7.3.jar:/opt/hadoop/hadoop-2.7.3/share/hadoop/mapreduce/hadoop-mapreduce-client-jobclient-2.7.3-tests.jar:/opt/hadoop/hadoop-2.7.3/share/hadoop/mapreduce/hadoop-mapreduce-client-jobclient-2.7.3.jar:/opt/hadoop/hadoop-2.7.3/share/hadoop/mapreduce/hadoop-mapreduce-client-app-2.7.3.jar:/opt/hadoop/hadoop-2.7.3/share/hadoop/mapreduce/hadoop-mapreduce-client-common-2.7.3.jar:/opt/hadoop/hadoop-2.7.3/share/hadoop/mapreduce/hadoop-mapreduce-client-core-2.7.3.jar:/opt/hadoop/hadoop-2.7.3/share/hadoop/mapreduce/hadoop-mapreduce-examples-2.7.3.jar:/opt/hadoop/hadoop-2.7.3/share/hadoop/mapreduce/hadoop-mapreduce-client-hs-plugins-2.7.3.jar:/contrib/capacity-scheduler/*.jar:/contrib/capacity-scheduler/*.jar:/contrib/capacity-scheduler/*.jar
STARTUP_MSG:   build = https://git-wip-us.apache.org/repos/asf/hadoop.git -r baa91f7c6bc9cb92be5982de4719c1c8af91ccff; compiled by 'root' on 2016-08-18T01:41Z
STARTUP_MSG:   java = 1.8.0_171
************************************************************/
2019-02-09 14:54:05,475 INFO org.apache.hadoop.hdfs.server.namenode.SecondaryNameNode: registered UNIX signal handlers for [TERM, HUP, INT]
2019-02-09 14:54:06,014 INFO org.apache.hadoop.metrics2.impl.MetricsConfig: loaded properties from hadoop-metrics2.properties
2019-02-09 14:54:06,087 INFO org.apache.hadoop.metrics2.impl.MetricsSystemImpl: Scheduled snapshot period at 10 second(s).
2019-02-09 14:54:06,087 INFO org.apache.hadoop.metrics2.impl.MetricsSystemImpl: SecondaryNameNode metrics system started
2019-02-09 14:54:06,374 INFO org.apache.hadoop.hdfs.server.common.Storage: Lock on /home/ubuntu/hdata/dfs/namesecondary/in_use.lock acquired by nodename 3548@big-vm
2019-02-09 14:54:06,459 INFO org.apache.hadoop.hdfs.server.namenode.FSNamesystem: No KeyProvider found.
2019-02-09 14:54:06,459 INFO org.apache.hadoop.hdfs.server.namenode.FSNamesystem: fsLock is fair:true
2019-02-09 14:54:06,510 INFO org.apache.hadoop.hdfs.server.blockmanagement.DatanodeManager: dfs.block.invalidate.limit=1000
2019-02-09 14:54:06,510 INFO org.apache.hadoop.hdfs.server.blockmanagement.DatanodeManager: dfs.namenode.datanode.registration.ip-hostname-check=true
2019-02-09 14:54:06,511 INFO org.apache.hadoop.hdfs.server.blockmanagement.BlockManager: dfs.namenode.startup.delay.block.deletion.sec is set to 000:00:00:00.000
2019-02-09 14:54:06,513 INFO org.apache.hadoop.hdfs.server.blockmanagement.BlockManager: The block deletion will start around 2019 Feb 09 14:54:06
2019-02-09 14:54:06,515 INFO org.apache.hadoop.util.GSet: Computing capacity for map BlocksMap
2019-02-09 14:54:06,515 INFO org.apache.hadoop.util.GSet: VM type       = 64-bit
2019-02-09 14:54:06,516 INFO org.apache.hadoop.util.GSet: 2.0% max memory 889 MB = 17.8 MB
2019-02-09 14:54:06,516 INFO org.apache.hadoop.util.GSet: capacity      = 2^21 = 2097152 entries
2019-02-09 14:54:06,526 INFO org.apache.hadoop.hdfs.server.blockmanagement.BlockManager: dfs.block.access.token.enable=false
2019-02-09 14:54:06,526 INFO org.apache.hadoop.hdfs.server.blockmanagement.BlockManager: defaultReplication         = 1
2019-02-09 14:54:06,526 INFO org.apache.hadoop.hdfs.server.blockmanagement.BlockManager: maxReplication             = 512
2019-02-09 14:54:06,526 INFO org.apache.hadoop.hdfs.server.blockmanagement.BlockManager: minReplication             = 1
2019-02-09 14:54:06,526 INFO org.apache.hadoop.hdfs.server.blockmanagement.BlockManager: maxReplicationStreams      = 2
2019-02-09 14:54:06,526 INFO org.apache.hadoop.hdfs.server.blockmanagement.BlockManager: replicationRecheckInterval = 3000
2019-02-09 14:54:06,526 INFO org.apache.hadoop.hdfs.server.blockmanagement.BlockManager: encryptDataTransfer        = false
2019-02-09 14:54:06,526 INFO org.apache.hadoop.hdfs.server.blockmanagement.BlockManager: maxNumBlocksToLog          = 1000
2019-02-09 14:54:06,528 INFO org.apache.hadoop.hdfs.server.namenode.FSNamesystem: fsOwner             = root (auth:SIMPLE)
2019-02-09 14:54:06,528 INFO org.apache.hadoop.hdfs.server.namenode.FSNamesystem: supergroup          = supergroup
2019-02-09 14:54:06,528 INFO org.apache.hadoop.hdfs.server.namenode.FSNamesystem: isPermissionEnabled = true
2019-02-09 14:54:06,528 INFO org.apache.hadoop.hdfs.server.namenode.FSNamesystem: HA Enabled: false
2019-02-09 14:54:06,530 INFO org.apache.hadoop.hdfs.server.namenode.FSNamesystem: Append Enabled: true
2019-02-09 14:54:06,593 INFO org.apache.hadoop.util.GSet: Computing capacity for map INodeMap
2019-02-09 14:54:06,593 INFO org.apache.hadoop.util.GSet: VM type       = 64-bit
2019-02-09 14:54:06,594 INFO org.apache.hadoop.util.GSet: 1.0% max memory 889 MB = 8.9 MB
2019-02-09 14:54:06,594 INFO org.apache.hadoop.util.GSet: capacity      = 2^20 = 1048576 entries
2019-02-09 14:54:06,595 INFO org.apache.hadoop.hdfs.server.namenode.FSDirectory: ACLs enabled? false
2019-02-09 14:54:06,595 INFO org.apache.hadoop.hdfs.server.namenode.FSDirectory: XAttrs enabled? true
2019-02-09 14:54:06,595 INFO org.apache.hadoop.hdfs.server.namenode.FSDirectory: Maximum size of an xattr: 16384
2019-02-09 14:54:06,595 INFO org.apache.hadoop.hdfs.server.namenode.NameNode: Caching file names occuring more than 10 times
2019-02-09 14:54:06,601 INFO org.apache.hadoop.util.GSet: Computing capacity for map cachedBlocks
2019-02-09 14:54:06,601 INFO org.apache.hadoop.util.GSet: VM type       = 64-bit
2019-02-09 14:54:06,601 INFO org.apache.hadoop.util.GSet: 0.25% max memory 889 MB = 2.2 MB
2019-02-09 14:54:06,601 INFO org.apache.hadoop.util.GSet: capacity      = 2^18 = 262144 entries
2019-02-09 14:54:06,603 INFO org.apache.hadoop.hdfs.server.namenode.FSNamesystem: dfs.namenode.safemode.threshold-pct = 0.9990000128746033
2019-02-09 14:54:06,603 INFO org.apache.hadoop.hdfs.server.namenode.FSNamesystem: dfs.namenode.safemode.min.datanodes = 0
2019-02-09 14:54:06,603 INFO org.apache.hadoop.hdfs.server.namenode.FSNamesystem: dfs.namenode.safemode.extension     = 30000
2019-02-09 14:54:06,605 INFO org.apache.hadoop.hdfs.server.namenode.top.metrics.TopMetrics: NNTop conf: dfs.namenode.top.window.num.buckets = 10
2019-02-09 14:54:06,605 INFO org.apache.hadoop.hdfs.server.namenode.top.metrics.TopMetrics: NNTop conf: dfs.namenode.top.num.users = 10
2019-02-09 14:54:06,605 INFO org.apache.hadoop.hdfs.server.namenode.top.metrics.TopMetrics: NNTop conf: dfs.namenode.top.windows.minutes = 1,5,25
2019-02-09 14:54:06,615 INFO org.apache.hadoop.hdfs.DFSUtil: Starting Web-server for secondary at: http://0.0.0.0:50090
2019-02-09 14:54:06,678 INFO org.mortbay.log: Logging to org.slf4j.impl.Log4jLoggerAdapter(org.mortbay.log) via org.mortbay.log.Slf4jLog
2019-02-09 14:54:06,711 INFO org.apache.hadoop.security.authentication.server.AuthenticationFilter: Unable to initialize FileSignerSecretProvider, falling back to use random secrets.
2019-02-09 14:54:06,717 INFO org.apache.hadoop.http.HttpRequestLog: Http request log for http.requests.secondary is not defined
2019-02-09 14:54:06,723 INFO org.apache.hadoop.http.HttpServer2: Added global filter 'safety' (class=org.apache.hadoop.http.HttpServer2$QuotingInputFilter)
2019-02-09 14:54:06,726 INFO org.apache.hadoop.http.HttpServer2: Added filter static_user_filter (class=org.apache.hadoop.http.lib.StaticUserWebFilter$StaticUserFilter) to context secondary
2019-02-09 14:54:06,726 INFO org.apache.hadoop.http.HttpServer2: Added filter static_user_filter (class=org.apache.hadoop.http.lib.StaticUserWebFilter$StaticUserFilter) to context static
2019-02-09 14:54:06,727 INFO org.apache.hadoop.http.HttpServer2: Added filter static_user_filter (class=org.apache.hadoop.http.lib.StaticUserWebFilter$StaticUserFilter) to context logs
2019-02-09 14:54:06,746 INFO org.apache.hadoop.http.HttpServer2: Jetty bound to port 50090
2019-02-09 14:54:06,746 INFO org.mortbay.log: jetty-6.1.26
2019-02-09 14:54:06,908 INFO org.mortbay.log: Started HttpServer2$SelectChannelConnectorWithSafeStartup@0.0.0.0:50090
2019-02-09 14:54:06,908 INFO org.apache.hadoop.hdfs.server.namenode.SecondaryNameNode: Web server init done
2019-02-09 14:54:06,909 INFO org.apache.hadoop.hdfs.server.namenode.SecondaryNameNode: Checkpoint Period   :3600 secs (60 min)
2019-02-09 14:54:06,909 INFO org.apache.hadoop.hdfs.server.namenode.SecondaryNameNode: Log Size Trigger    :1000000 txns
2019-02-09 15:51:07,699 INFO org.apache.hadoop.hdfs.server.namenode.SecondaryNameNode: Image has changed. Downloading updated image from NN.
2019-02-09 15:51:08,147 INFO org.apache.hadoop.hdfs.server.namenode.TransferFsImage: Opening connection to http://localhost:50070/imagetransfer?getimage=1&txid=1384&storageInfo=-63:1647206854:0:CID-44195f4d-20ee-4085-84d3-18859dbea129
2019-02-09 15:51:08,226 INFO org.apache.hadoop.hdfs.server.namenode.TransferFsImage: Image Transfer timeout configured to 60000 milliseconds
2019-02-09 15:51:08,499 INFO org.apache.hadoop.hdfs.server.namenode.TransferFsImage: Transfer took 0.05s at 177.78 KB/s
2019-02-09 15:51:08,499 INFO org.apache.hadoop.hdfs.server.namenode.TransferFsImage: Downloaded file fsimage.ckpt_0000000000000001384 size 8707 bytes.
2019-02-09 15:51:08,581 INFO org.apache.hadoop.hdfs.server.namenode.TransferFsImage: Opening connection to http://localhost:50070/imagetransfer?getedit=1&startTxId=1385&endTxId=1385&storageInfo=-63:1647206854:0:CID-44195f4d-20ee-4085-84d3-18859dbea129
2019-02-09 15:51:08,644 INFO org.apache.hadoop.hdfs.server.namenode.TransferFsImage: Transfer took 0.06s at 17655.17 KB/s
2019-02-09 15:51:08,644 INFO org.apache.hadoop.hdfs.server.namenode.TransferFsImage: Downloaded file edits_tmp_0000000000000001385-0000000000000001385_0000000000003637033 size 0 bytes.
2019-02-09 15:51:08,646 INFO org.apache.hadoop.hdfs.server.namenode.TransferFsImage: Opening connection to http://localhost:50070/imagetransfer?getedit=1&startTxId=1386&endTxId=1398&storageInfo=-63:1647206854:0:CID-44195f4d-20ee-4085-84d3-18859dbea129
2019-02-09 15:51:08,711 INFO org.apache.hadoop.hdfs.server.namenode.TransferFsImage: Transfer took 0.06s at 16.95 KB/s
2019-02-09 15:51:08,712 INFO org.apache.hadoop.hdfs.server.namenode.TransferFsImage: Downloaded file edits_tmp_0000000000000001386-0000000000000001398_0000000000003637099 size 0 bytes.
2019-02-09 15:51:08,751 INFO org.apache.hadoop.hdfs.server.namenode.FSImageFormatPBINode: Loading 95 INodes.
2019-02-09 15:51:08,789 INFO org.apache.hadoop.hdfs.server.namenode.FSImageFormatProtobuf: Loaded FSImage in 0 seconds.
2019-02-09 15:51:08,789 INFO org.apache.hadoop.hdfs.server.namenode.FSImage: Loaded image for txid 1384 from /home/ubuntu/hdata/dfs/namesecondary/current/fsimage_0000000000000001384
2019-02-09 15:51:08,789 INFO org.apache.hadoop.hdfs.server.namenode.NameCache: initialized with 0 entries 0 lookups
2019-02-09 15:51:08,795 INFO org.apache.hadoop.hdfs.server.namenode.Checkpointer: Checkpointer about to load edits from 2 stream(s).
2019-02-09 15:51:08,799 INFO org.apache.hadoop.hdfs.server.namenode.FSImage: Reading /home/ubuntu/hdata/dfs/namesecondary/current/edits_0000000000000001385-0000000000000001385 expecting start txid #1385
2019-02-09 15:51:08,799 INFO org.apache.hadoop.hdfs.server.namenode.FSImage: Start loading edits file /home/ubuntu/hdata/dfs/namesecondary/current/edits_0000000000000001385-0000000000000001385
2019-02-09 15:51:08,815 INFO org.apache.hadoop.hdfs.server.namenode.FSImage: Edits file /home/ubuntu/hdata/dfs/namesecondary/current/edits_0000000000000001385-0000000000000001385 of size 1048576 edits # 1 loaded in 0 seconds
2019-02-09 15:51:08,816 INFO org.apache.hadoop.hdfs.server.namenode.FSImage: Reading /home/ubuntu/hdata/dfs/namesecondary/current/edits_0000000000000001386-0000000000000001398 expecting start txid #1386
2019-02-09 15:51:08,816 INFO org.apache.hadoop.hdfs.server.namenode.FSImage: Start loading edits file /home/ubuntu/hdata/dfs/namesecondary/current/edits_0000000000000001386-0000000000000001398
2019-02-09 15:51:08,837 INFO org.apache.hadoop.hdfs.server.namenode.FSImage: Edits file /home/ubuntu/hdata/dfs/namesecondary/current/edits_0000000000000001386-0000000000000001398 of size 1219 edits # 13 loaded in 0 seconds
2019-02-09 15:51:08,845 INFO org.apache.hadoop.hdfs.server.namenode.FSImageFormatProtobuf: Saving image file /home/ubuntu/hdata/dfs/namesecondary/current/fsimage.ckpt_0000000000000001398 using no compression
2019-02-09 15:51:08,898 INFO org.apache.hadoop.hdfs.server.namenode.FSImageFormatProtobuf: Image file /home/ubuntu/hdata/dfs/namesecondary/current/fsimage.ckpt_0000000000000001398 of size 8707 bytes saved in 0 seconds.
2019-02-09 15:51:08,951 INFO org.apache.hadoop.hdfs.server.namenode.NNStorageRetentionManager: Going to retain 2 images with txid >= 1384
2019-02-09 15:51:08,952 INFO org.apache.hadoop.hdfs.server.namenode.NNStorageRetentionManager: Purging old image FSImageFile(file=/home/ubuntu/hdata/dfs/namesecondary/current/fsimage_0000000000000001382, cpktTxId=0000000000000001382)
2019-02-09 15:51:09,173 INFO org.apache.hadoop.hdfs.server.namenode.TransferFsImage: Uploaded image with txid 1398 to namenode at http://localhost:50070 in 0.172 seconds
2019-02-09 15:51:09,174 WARN org.apache.hadoop.hdfs.server.namenode.SecondaryNameNode: Checkpoint done. New Image Size: 8707
