2019-02-09 14:54:13,119 INFO org.apache.hadoop.yarn.server.resourcemanager.ResourceManager: STARTUP_MSG: 
/************************************************************
STARTUP_MSG: Starting ResourceManager
STARTUP_MSG:   host = big-vm/192.168.1.2
STARTUP_MSG:   args = []
STARTUP_MSG:   version = 2.7.3
STARTUP_MSG:   classpath = /opt/hadoop/hadoop-2.7.3/etc/hadoop:/opt/hadoop/hadoop-2.7.3/etc/hadoop:/opt/hadoop/hadoop-2.7.3/etc/hadoop:/opt/hadoop/hadoop-2.7.3/share/hadoop/common/lib/curator-recipes-2.7.1.jar:/opt/hadoop/hadoop-2.7.3/share/hadoop/common/lib/jsr305-3.0.0.jar:/opt/hadoop/hadoop-2.7.3/share/hadoop/common/lib/commons-math3-3.1.1.jar:/opt/hadoop/hadoop-2.7.3/share/hadoop/common/lib/jackson-xc-1.9.13.jar:/opt/hadoop/hadoop-2.7.3/share/hadoop/common/lib/stax-api-1.0-2.jar:/opt/hadoop/hadoop-2.7.3/share/hadoop/common/lib/hamcrest-core-1.3.jar:/opt/hadoop/hadoop-2.7.3/share/hadoop/common/lib/jaxb-api-2.2.2.jar:/opt/hadoop/hadoop-2.7.3/share/hadoop/common/lib/apacheds-i18n-2.0.0-M15.jar:/opt/hadoop/hadoop-2.7.3/share/hadoop/common/lib/xmlenc-0.52.jar:/opt/hadoop/hadoop-2.7.3/share/hadoop/common/lib/asm-3.2.jar:/opt/hadoop/hadoop-2.7.3/share/hadoop/common/lib/jetty-6.1.26.jar:/opt/hadoop/hadoop-2.7.3/share/hadoop/common/lib/zookeeper-3.4.6.jar:/opt/hadoop/hadoop-2.7.3/share/hadoop/common/lib/commons-beanutils-1.7.0.jar:/opt/hadoop/hadoop-2.7.3/share/hadoop/common/lib/commons-logging-1.1.3.jar:/opt/hadoop/hadoop-2.7.3/share/hadoop/common/lib/htrace-core-3.1.0-incubating.jar:/opt/hadoop/hadoop-2.7.3/share/hadoop/common/lib/commons-codec-1.4.jar:/opt/hadoop/hadoop-2.7.3/share/hadoop/common/lib/jersey-json-1.9.jar:/opt/hadoop/hadoop-2.7.3/share/hadoop/common/lib/mockito-all-1.8.5.jar:/opt/hadoop/hadoop-2.7.3/share/hadoop/common/lib/commons-configuration-1.6.jar:/opt/hadoop/hadoop-2.7.3/share/hadoop/common/lib/jettison-1.1.jar:/opt/hadoop/hadoop-2.7.3/share/hadoop/common/lib/api-util-1.0.0-M20.jar:/opt/hadoop/hadoop-2.7.3/share/hadoop/common/lib/commons-compress-1.4.1.jar:/opt/hadoop/hadoop-2.7.3/share/hadoop/common/lib/jaxb-impl-2.2.3-1.jar:/opt/hadoop/hadoop-2.7.3/share/hadoop/common/lib/commons-net-3.1.jar:/opt/hadoop/hadoop-2.7.3/share/hadoop/common/lib/jsp-api-2.1.jar:/opt/hadoop/hadoop-2.7.3/share/hadoop/common/lib/jersey-core-1.9.jar:/opt/hadoop/hadoop-2.7.3/share/hadoop/common/lib/jackson-core-asl-1.9.13.jar:/opt/hadoop/hadoop-2.7.3/share/hadoop/common/lib/hadoop-annotations-2.7.3.jar:/opt/hadoop/hadoop-2.7.3/share/hadoop/common/lib/commons-digester-1.8.jar:/opt/hadoop/hadoop-2.7.3/share/hadoop/common/lib/commons-httpclient-3.1.jar:/opt/hadoop/hadoop-2.7.3/share/hadoop/common/lib/httpcore-4.2.5.jar:/opt/hadoop/hadoop-2.7.3/share/hadoop/common/lib/curator-framework-2.7.1.jar:/opt/hadoop/hadoop-2.7.3/share/hadoop/common/lib/netty-3.6.2.Final.jar:/opt/hadoop/hadoop-2.7.3/share/hadoop/common/lib/jackson-mapper-asl-1.9.13.jar:/opt/hadoop/hadoop-2.7.3/share/hadoop/common/lib/gson-2.2.4.jar:/opt/hadoop/hadoop-2.7.3/share/hadoop/common/lib/jets3t-0.9.0.jar:/opt/hadoop/hadoop-2.7.3/share/hadoop/common/lib/commons-lang-2.6.jar:/opt/hadoop/hadoop-2.7.3/share/hadoop/common/lib/commons-collections-3.2.2.jar:/opt/hadoop/hadoop-2.7.3/share/hadoop/common/lib/xz-1.0.jar:/opt/hadoop/hadoop-2.7.3/share/hadoop/common/lib/java-xmlbuilder-0.4.jar:/opt/hadoop/hadoop-2.7.3/share/hadoop/common/lib/log4j-1.2.17.jar:/opt/hadoop/hadoop-2.7.3/share/hadoop/common/lib/junit-4.11.jar:/opt/hadoop/hadoop-2.7.3/share/hadoop/common/lib/apacheds-kerberos-codec-2.0.0-M15.jar:/opt/hadoop/hadoop-2.7.3/share/hadoop/common/lib/protobuf-java-2.5.0.jar:/opt/hadoop/hadoop-2.7.3/share/hadoop/common/lib/commons-io-2.4.jar:/opt/hadoop/hadoop-2.7.3/share/hadoop/common/lib/api-asn1-api-1.0.0-M20.jar:/opt/hadoop/hadoop-2.7.3/share/hadoop/common/lib/slf4j-api-1.7.10.jar:/opt/hadoop/hadoop-2.7.3/share/hadoop/common/lib/commons-beanutils-core-1.8.0.jar:/opt/hadoop/hadoop-2.7.3/share/hadoop/common/lib/httpclient-4.2.5.jar:/opt/hadoop/hadoop-2.7.3/share/hadoop/common/lib/curator-client-2.7.1.jar:/opt/hadoop/hadoop-2.7.3/share/hadoop/common/lib/servlet-api-2.5.jar:/opt/hadoop/hadoop-2.7.3/share/hadoop/common/lib/slf4j-log4j12-1.7.10.jar:/opt/hadoop/hadoop-2.7.3/share/hadoop/common/lib/avro-1.7.4.jar:/opt/hadoop/hadoop-2.7.3/share/hadoop/common/lib/jsch-0.1.42.jar:/opt/hadoop/hadoop-2.7.3/share/hadoop/common/lib/snappy-java-1.0.4.1.jar:/opt/hadoop/hadoop-2.7.3/share/hadoop/common/lib/hadoop-auth-2.7.3.jar:/opt/hadoop/hadoop-2.7.3/share/hadoop/common/lib/jersey-server-1.9.jar:/opt/hadoop/hadoop-2.7.3/share/hadoop/common/lib/activation-1.1.jar:/opt/hadoop/hadoop-2.7.3/share/hadoop/common/lib/jetty-util-6.1.26.jar:/opt/hadoop/hadoop-2.7.3/share/hadoop/common/lib/jackson-jaxrs-1.9.13.jar:/opt/hadoop/hadoop-2.7.3/share/hadoop/common/lib/paranamer-2.3.jar:/opt/hadoop/hadoop-2.7.3/share/hadoop/common/lib/commons-cli-1.2.jar:/opt/hadoop/hadoop-2.7.3/share/hadoop/common/lib/guava-11.0.2.jar:/opt/hadoop/hadoop-2.7.3/share/hadoop/common/hadoop-common-2.7.3-tests.jar:/opt/hadoop/hadoop-2.7.3/share/hadoop/common/hadoop-common-2.7.3.jar:/opt/hadoop/hadoop-2.7.3/share/hadoop/common/hadoop-nfs-2.7.3.jar:/opt/hadoop/hadoop-2.7.3/share/hadoop/hdfs:/opt/hadoop/hadoop-2.7.3/share/hadoop/hdfs/lib/xercesImpl-2.9.1.jar:/opt/hadoop/hadoop-2.7.3/share/hadoop/hdfs/lib/jsr305-3.0.0.jar:/opt/hadoop/hadoop-2.7.3/share/hadoop/hdfs/lib/xmlenc-0.52.jar:/opt/hadoop/hadoop-2.7.3/share/hadoop/hdfs/lib/asm-3.2.jar:/opt/hadoop/hadoop-2.7.3/share/hadoop/hdfs/lib/jetty-6.1.26.jar:/opt/hadoop/hadoop-2.7.3/share/hadoop/hdfs/lib/commons-logging-1.1.3.jar:/opt/hadoop/hadoop-2.7.3/share/hadoop/hdfs/lib/htrace-core-3.1.0-incubating.jar:/opt/hadoop/hadoop-2.7.3/share/hadoop/hdfs/lib/commons-codec-1.4.jar:/opt/hadoop/hadoop-2.7.3/share/hadoop/hdfs/lib/jersey-core-1.9.jar:/opt/hadoop/hadoop-2.7.3/share/hadoop/hdfs/lib/jackson-core-asl-1.9.13.jar:/opt/hadoop/hadoop-2.7.3/share/hadoop/hdfs/lib/netty-all-4.0.23.Final.jar:/opt/hadoop/hadoop-2.7.3/share/hadoop/hdfs/lib/leveldbjni-all-1.8.jar:/opt/hadoop/hadoop-2.7.3/share/hadoop/hdfs/lib/netty-3.6.2.Final.jar:/opt/hadoop/hadoop-2.7.3/share/hadoop/hdfs/lib/jackson-mapper-asl-1.9.13.jar:/opt/hadoop/hadoop-2.7.3/share/hadoop/hdfs/lib/commons-lang-2.6.jar:/opt/hadoop/hadoop-2.7.3/share/hadoop/hdfs/lib/log4j-1.2.17.jar:/opt/hadoop/hadoop-2.7.3/share/hadoop/hdfs/lib/protobuf-java-2.5.0.jar:/opt/hadoop/hadoop-2.7.3/share/hadoop/hdfs/lib/commons-io-2.4.jar:/opt/hadoop/hadoop-2.7.3/share/hadoop/hdfs/lib/commons-daemon-1.0.13.jar:/opt/hadoop/hadoop-2.7.3/share/hadoop/hdfs/lib/servlet-api-2.5.jar:/opt/hadoop/hadoop-2.7.3/share/hadoop/hdfs/lib/xml-apis-1.3.04.jar:/opt/hadoop/hadoop-2.7.3/share/hadoop/hdfs/lib/jersey-server-1.9.jar:/opt/hadoop/hadoop-2.7.3/share/hadoop/hdfs/lib/jetty-util-6.1.26.jar:/opt/hadoop/hadoop-2.7.3/share/hadoop/hdfs/lib/commons-cli-1.2.jar:/opt/hadoop/hadoop-2.7.3/share/hadoop/hdfs/lib/guava-11.0.2.jar:/opt/hadoop/hadoop-2.7.3/share/hadoop/hdfs/hadoop-hdfs-2.7.3-tests.jar:/opt/hadoop/hadoop-2.7.3/share/hadoop/hdfs/hadoop-hdfs-nfs-2.7.3.jar:/opt/hadoop/hadoop-2.7.3/share/hadoop/hdfs/hadoop-hdfs-2.7.3.jar:/opt/hadoop/hadoop-2.7.3/share/hadoop/yarn/lib/jsr305-3.0.0.jar:/opt/hadoop/hadoop-2.7.3/share/hadoop/yarn/lib/jackson-xc-1.9.13.jar:/opt/hadoop/hadoop-2.7.3/share/hadoop/yarn/lib/zookeeper-3.4.6-tests.jar:/opt/hadoop/hadoop-2.7.3/share/hadoop/yarn/lib/stax-api-1.0-2.jar:/opt/hadoop/hadoop-2.7.3/share/hadoop/yarn/lib/jersey-guice-1.9.jar:/opt/hadoop/hadoop-2.7.3/share/hadoop/yarn/lib/jaxb-api-2.2.2.jar:/opt/hadoop/hadoop-2.7.3/share/hadoop/yarn/lib/asm-3.2.jar:/opt/hadoop/hadoop-2.7.3/share/hadoop/yarn/lib/jetty-6.1.26.jar:/opt/hadoop/hadoop-2.7.3/share/hadoop/yarn/lib/zookeeper-3.4.6.jar:/opt/hadoop/hadoop-2.7.3/share/hadoop/yarn/lib/commons-logging-1.1.3.jar:/opt/hadoop/hadoop-2.7.3/share/hadoop/yarn/lib/commons-codec-1.4.jar:/opt/hadoop/hadoop-2.7.3/share/hadoop/yarn/lib/jersey-json-1.9.jar:/opt/hadoop/hadoop-2.7.3/share/hadoop/yarn/lib/jettison-1.1.jar:/opt/hadoop/hadoop-2.7.3/share/hadoop/yarn/lib/commons-compress-1.4.1.jar:/opt/hadoop/hadoop-2.7.3/share/hadoop/yarn/lib/jaxb-impl-2.2.3-1.jar:/opt/hadoop/hadoop-2.7.3/share/hadoop/yarn/lib/jersey-core-1.9.jar:/opt/hadoop/hadoop-2.7.3/share/hadoop/yarn/lib/jackson-core-asl-1.9.13.jar:/opt/hadoop/hadoop-2.7.3/share/hadoop/yarn/lib/javax.inject-1.jar:/opt/hadoop/hadoop-2.7.3/share/hadoop/yarn/lib/leveldbjni-all-1.8.jar:/opt/hadoop/hadoop-2.7.3/share/hadoop/yarn/lib/netty-3.6.2.Final.jar:/opt/hadoop/hadoop-2.7.3/share/hadoop/yarn/lib/jackson-mapper-asl-1.9.13.jar:/opt/hadoop/hadoop-2.7.3/share/hadoop/yarn/lib/jersey-client-1.9.jar:/opt/hadoop/hadoop-2.7.3/share/hadoop/yarn/lib/commons-lang-2.6.jar:/opt/hadoop/hadoop-2.7.3/share/hadoop/yarn/lib/commons-collections-3.2.2.jar:/opt/hadoop/hadoop-2.7.3/share/hadoop/yarn/lib/xz-1.0.jar:/opt/hadoop/hadoop-2.7.3/share/hadoop/yarn/lib/aopalliance-1.0.jar:/opt/hadoop/hadoop-2.7.3/share/hadoop/yarn/lib/log4j-1.2.17.jar:/opt/hadoop/hadoop-2.7.3/share/hadoop/yarn/lib/guice-3.0.jar:/opt/hadoop/hadoop-2.7.3/share/hadoop/yarn/lib/protobuf-java-2.5.0.jar:/opt/hadoop/hadoop-2.7.3/share/hadoop/yarn/lib/commons-io-2.4.jar:/opt/hadoop/hadoop-2.7.3/share/hadoop/yarn/lib/guice-servlet-3.0.jar:/opt/hadoop/hadoop-2.7.3/share/hadoop/yarn/lib/servlet-api-2.5.jar:/opt/hadoop/hadoop-2.7.3/share/hadoop/yarn/lib/jersey-server-1.9.jar:/opt/hadoop/hadoop-2.7.3/share/hadoop/yarn/lib/activation-1.1.jar:/opt/hadoop/hadoop-2.7.3/share/hadoop/yarn/lib/jetty-util-6.1.26.jar:/opt/hadoop/hadoop-2.7.3/share/hadoop/yarn/lib/jackson-jaxrs-1.9.13.jar:/opt/hadoop/hadoop-2.7.3/share/hadoop/yarn/lib/commons-cli-1.2.jar:/opt/hadoop/hadoop-2.7.3/share/hadoop/yarn/lib/guava-11.0.2.jar:/opt/hadoop/hadoop-2.7.3/share/hadoop/yarn/hadoop-yarn-common-2.7.3.jar:/opt/hadoop/hadoop-2.7.3/share/hadoop/yarn/hadoop-yarn-api-2.7.3.jar:/opt/hadoop/hadoop-2.7.3/share/hadoop/yarn/hadoop-yarn-server-nodemanager-2.7.3.jar:/opt/hadoop/hadoop-2.7.3/share/hadoop/yarn/hadoop-yarn-server-web-proxy-2.7.3.jar:/opt/hadoop/hadoop-2.7.3/share/hadoop/yarn/hadoop-yarn-registry-2.7.3.jar:/opt/hadoop/hadoop-2.7.3/share/hadoop/yarn/hadoop-yarn-applications-unmanaged-am-launcher-2.7.3.jar:/opt/hadoop/hadoop-2.7.3/share/hadoop/yarn/hadoop-yarn-applications-distributedshell-2.7.3.jar:/opt/hadoop/hadoop-2.7.3/share/hadoop/yarn/hadoop-yarn-server-applicationhistoryservice-2.7.3.jar:/opt/hadoop/hadoop-2.7.3/share/hadoop/yarn/hadoop-yarn-server-common-2.7.3.jar:/opt/hadoop/hadoop-2.7.3/share/hadoop/yarn/hadoop-yarn-server-resourcemanager-2.7.3.jar:/opt/hadoop/hadoop-2.7.3/share/hadoop/yarn/hadoop-yarn-server-tests-2.7.3.jar:/opt/hadoop/hadoop-2.7.3/share/hadoop/yarn/hadoop-yarn-client-2.7.3.jar:/opt/hadoop/hadoop-2.7.3/share/hadoop/yarn/hadoop-yarn-server-sharedcachemanager-2.7.3.jar:/opt/hadoop/hadoop-2.7.3/share/hadoop/mapreduce/lib/jersey-guice-1.9.jar:/opt/hadoop/hadoop-2.7.3/share/hadoop/mapreduce/lib/hamcrest-core-1.3.jar:/opt/hadoop/hadoop-2.7.3/share/hadoop/mapreduce/lib/asm-3.2.jar:/opt/hadoop/hadoop-2.7.3/share/hadoop/mapreduce/lib/commons-compress-1.4.1.jar:/opt/hadoop/hadoop-2.7.3/share/hadoop/mapreduce/lib/jersey-core-1.9.jar:/opt/hadoop/hadoop-2.7.3/share/hadoop/mapreduce/lib/jackson-core-asl-1.9.13.jar:/opt/hadoop/hadoop-2.7.3/share/hadoop/mapreduce/lib/hadoop-annotations-2.7.3.jar:/opt/hadoop/hadoop-2.7.3/share/hadoop/mapreduce/lib/javax.inject-1.jar:/opt/hadoop/hadoop-2.7.3/share/hadoop/mapreduce/lib/leveldbjni-all-1.8.jar:/opt/hadoop/hadoop-2.7.3/share/hadoop/mapreduce/lib/netty-3.6.2.Final.jar:/opt/hadoop/hadoop-2.7.3/share/hadoop/mapreduce/lib/jackson-mapper-asl-1.9.13.jar:/opt/hadoop/hadoop-2.7.3/share/hadoop/mapreduce/lib/xz-1.0.jar:/opt/hadoop/hadoop-2.7.3/share/hadoop/mapreduce/lib/aopalliance-1.0.jar:/opt/hadoop/hadoop-2.7.3/share/hadoop/mapreduce/lib/log4j-1.2.17.jar:/opt/hadoop/hadoop-2.7.3/share/hadoop/mapreduce/lib/junit-4.11.jar:/opt/hadoop/hadoop-2.7.3/share/hadoop/mapreduce/lib/guice-3.0.jar:/opt/hadoop/hadoop-2.7.3/share/hadoop/mapreduce/lib/protobuf-java-2.5.0.jar:/opt/hadoop/hadoop-2.7.3/share/hadoop/mapreduce/lib/commons-io-2.4.jar:/opt/hadoop/hadoop-2.7.3/share/hadoop/mapreduce/lib/guice-servlet-3.0.jar:/opt/hadoop/hadoop-2.7.3/share/hadoop/mapreduce/lib/avro-1.7.4.jar:/opt/hadoop/hadoop-2.7.3/share/hadoop/mapreduce/lib/snappy-java-1.0.4.1.jar:/opt/hadoop/hadoop-2.7.3/share/hadoop/mapreduce/lib/jersey-server-1.9.jar:/opt/hadoop/hadoop-2.7.3/share/hadoop/mapreduce/lib/paranamer-2.3.jar:/opt/hadoop/hadoop-2.7.3/share/hadoop/mapreduce/hadoop-mapreduce-client-shuffle-2.7.3.jar:/opt/hadoop/hadoop-2.7.3/share/hadoop/mapreduce/hadoop-mapreduce-client-hs-2.7.3.jar:/opt/hadoop/hadoop-2.7.3/share/hadoop/mapreduce/hadoop-mapreduce-client-jobclient-2.7.3-tests.jar:/opt/hadoop/hadoop-2.7.3/share/hadoop/mapreduce/hadoop-mapreduce-client-jobclient-2.7.3.jar:/opt/hadoop/hadoop-2.7.3/share/hadoop/mapreduce/hadoop-mapreduce-client-app-2.7.3.jar:/opt/hadoop/hadoop-2.7.3/share/hadoop/mapreduce/hadoop-mapreduce-client-common-2.7.3.jar:/opt/hadoop/hadoop-2.7.3/share/hadoop/mapreduce/hadoop-mapreduce-client-core-2.7.3.jar:/opt/hadoop/hadoop-2.7.3/share/hadoop/mapreduce/hadoop-mapreduce-examples-2.7.3.jar:/opt/hadoop/hadoop-2.7.3/share/hadoop/mapreduce/hadoop-mapreduce-client-hs-plugins-2.7.3.jar:/opt/hadoop/hadoop-2.7.3/contrib/capacity-scheduler/*.jar:/opt/hadoop/hadoop-2.7.3/contrib/capacity-scheduler/*.jar:/opt/hadoop/hadoop-2.7.3/contrib/capacity-scheduler/*.jar:/opt/hadoop/hadoop-2.7.3/contrib/capacity-scheduler/*.jar:/opt/hadoop/hadoop-2.7.3/share/hadoop/yarn/hadoop-yarn-common-2.7.3.jar:/opt/hadoop/hadoop-2.7.3/share/hadoop/yarn/hadoop-yarn-api-2.7.3.jar:/opt/hadoop/hadoop-2.7.3/share/hadoop/yarn/hadoop-yarn-server-nodemanager-2.7.3.jar:/opt/hadoop/hadoop-2.7.3/share/hadoop/yarn/hadoop-yarn-server-web-proxy-2.7.3.jar:/opt/hadoop/hadoop-2.7.3/share/hadoop/yarn/hadoop-yarn-registry-2.7.3.jar:/opt/hadoop/hadoop-2.7.3/share/hadoop/yarn/hadoop-yarn-applications-unmanaged-am-launcher-2.7.3.jar:/opt/hadoop/hadoop-2.7.3/share/hadoop/yarn/hadoop-yarn-applications-distributedshell-2.7.3.jar:/opt/hadoop/hadoop-2.7.3/share/hadoop/yarn/hadoop-yarn-server-applicationhistoryservice-2.7.3.jar:/opt/hadoop/hadoop-2.7.3/share/hadoop/yarn/hadoop-yarn-server-common-2.7.3.jar:/opt/hadoop/hadoop-2.7.3/share/hadoop/yarn/hadoop-yarn-server-resourcemanager-2.7.3.jar:/opt/hadoop/hadoop-2.7.3/share/hadoop/yarn/hadoop-yarn-server-tests-2.7.3.jar:/opt/hadoop/hadoop-2.7.3/share/hadoop/yarn/hadoop-yarn-client-2.7.3.jar:/opt/hadoop/hadoop-2.7.3/share/hadoop/yarn/hadoop-yarn-server-sharedcachemanager-2.7.3.jar:/opt/hadoop/hadoop-2.7.3/share/hadoop/yarn/lib/jsr305-3.0.0.jar:/opt/hadoop/hadoop-2.7.3/share/hadoop/yarn/lib/jackson-xc-1.9.13.jar:/opt/hadoop/hadoop-2.7.3/share/hadoop/yarn/lib/zookeeper-3.4.6-tests.jar:/opt/hadoop/hadoop-2.7.3/share/hadoop/yarn/lib/stax-api-1.0-2.jar:/opt/hadoop/hadoop-2.7.3/share/hadoop/yarn/lib/jersey-guice-1.9.jar:/opt/hadoop/hadoop-2.7.3/share/hadoop/yarn/lib/jaxb-api-2.2.2.jar:/opt/hadoop/hadoop-2.7.3/share/hadoop/yarn/lib/asm-3.2.jar:/opt/hadoop/hadoop-2.7.3/share/hadoop/yarn/lib/jetty-6.1.26.jar:/opt/hadoop/hadoop-2.7.3/share/hadoop/yarn/lib/zookeeper-3.4.6.jar:/opt/hadoop/hadoop-2.7.3/share/hadoop/yarn/lib/commons-logging-1.1.3.jar:/opt/hadoop/hadoop-2.7.3/share/hadoop/yarn/lib/commons-codec-1.4.jar:/opt/hadoop/hadoop-2.7.3/share/hadoop/yarn/lib/jersey-json-1.9.jar:/opt/hadoop/hadoop-2.7.3/share/hadoop/yarn/lib/jettison-1.1.jar:/opt/hadoop/hadoop-2.7.3/share/hadoop/yarn/lib/commons-compress-1.4.1.jar:/opt/hadoop/hadoop-2.7.3/share/hadoop/yarn/lib/jaxb-impl-2.2.3-1.jar:/opt/hadoop/hadoop-2.7.3/share/hadoop/yarn/lib/jersey-core-1.9.jar:/opt/hadoop/hadoop-2.7.3/share/hadoop/yarn/lib/jackson-core-asl-1.9.13.jar:/opt/hadoop/hadoop-2.7.3/share/hadoop/yarn/lib/javax.inject-1.jar:/opt/hadoop/hadoop-2.7.3/share/hadoop/yarn/lib/leveldbjni-all-1.8.jar:/opt/hadoop/hadoop-2.7.3/share/hadoop/yarn/lib/netty-3.6.2.Final.jar:/opt/hadoop/hadoop-2.7.3/share/hadoop/yarn/lib/jackson-mapper-asl-1.9.13.jar:/opt/hadoop/hadoop-2.7.3/share/hadoop/yarn/lib/jersey-client-1.9.jar:/opt/hadoop/hadoop-2.7.3/share/hadoop/yarn/lib/commons-lang-2.6.jar:/opt/hadoop/hadoop-2.7.3/share/hadoop/yarn/lib/commons-collections-3.2.2.jar:/opt/hadoop/hadoop-2.7.3/share/hadoop/yarn/lib/xz-1.0.jar:/opt/hadoop/hadoop-2.7.3/share/hadoop/yarn/lib/aopalliance-1.0.jar:/opt/hadoop/hadoop-2.7.3/share/hadoop/yarn/lib/log4j-1.2.17.jar:/opt/hadoop/hadoop-2.7.3/share/hadoop/yarn/lib/guice-3.0.jar:/opt/hadoop/hadoop-2.7.3/share/hadoop/yarn/lib/protobuf-java-2.5.0.jar:/opt/hadoop/hadoop-2.7.3/share/hadoop/yarn/lib/commons-io-2.4.jar:/opt/hadoop/hadoop-2.7.3/share/hadoop/yarn/lib/guice-servlet-3.0.jar:/opt/hadoop/hadoop-2.7.3/share/hadoop/yarn/lib/servlet-api-2.5.jar:/opt/hadoop/hadoop-2.7.3/share/hadoop/yarn/lib/jersey-server-1.9.jar:/opt/hadoop/hadoop-2.7.3/share/hadoop/yarn/lib/activation-1.1.jar:/opt/hadoop/hadoop-2.7.3/share/hadoop/yarn/lib/jetty-util-6.1.26.jar:/opt/hadoop/hadoop-2.7.3/share/hadoop/yarn/lib/jackson-jaxrs-1.9.13.jar:/opt/hadoop/hadoop-2.7.3/share/hadoop/yarn/lib/commons-cli-1.2.jar:/opt/hadoop/hadoop-2.7.3/share/hadoop/yarn/lib/guava-11.0.2.jar:/opt/hadoop/hadoop-2.7.3/etc/hadoop/rm-config/log4j.properties
STARTUP_MSG:   build = https://git-wip-us.apache.org/repos/asf/hadoop.git -r baa91f7c6bc9cb92be5982de4719c1c8af91ccff; compiled by 'root' on 2016-08-18T01:41Z
STARTUP_MSG:   java = 1.8.0_171
************************************************************/
2019-02-09 14:54:13,131 INFO org.apache.hadoop.yarn.server.resourcemanager.ResourceManager: registered UNIX signal handlers for [TERM, HUP, INT]
2019-02-09 14:54:13,642 INFO org.apache.hadoop.conf.Configuration: found resource core-site.xml at file:/opt/hadoop/hadoop-2.7.3/etc/hadoop/core-site.xml
2019-02-09 14:54:13,737 WARN org.apache.hadoop.util.NativeCodeLoader: Unable to load native-hadoop library for your platform... using builtin-java classes where applicable
2019-02-09 14:54:13,779 INFO org.apache.hadoop.security.Groups: clearing userToGroupsMap cache
2019-02-09 14:54:14,336 INFO org.apache.hadoop.conf.Configuration: found resource yarn-site.xml at file:/opt/hadoop/hadoop-2.7.3/etc/hadoop/yarn-site.xml
2019-02-09 14:54:14,660 INFO org.apache.hadoop.yarn.event.AsyncDispatcher: Registering class org.apache.hadoop.yarn.server.resourcemanager.RMFatalEventType for class org.apache.hadoop.yarn.server.resourcemanager.ResourceManager$RMFatalEventDispatcher
2019-02-09 14:54:14,882 INFO org.apache.hadoop.yarn.server.resourcemanager.security.NMTokenSecretManagerInRM: NMTokenKeyRollingInterval: 86400000ms and NMTokenKeyActivationDelay: 900000ms
2019-02-09 14:54:15,081 INFO org.apache.hadoop.yarn.server.resourcemanager.security.RMContainerTokenSecretManager: ContainerTokenKeyRollingInterval: 86400000ms and ContainerTokenKeyActivationDelay: 900000ms
2019-02-09 14:54:15,089 INFO org.apache.hadoop.yarn.server.resourcemanager.security.AMRMTokenSecretManager: AMRMTokenKeyRollingInterval: 86400000ms and AMRMTokenKeyActivationDelay: 900000 ms
2019-02-09 14:54:15,187 INFO org.apache.hadoop.yarn.event.AsyncDispatcher: Registering class org.apache.hadoop.yarn.server.resourcemanager.recovery.RMStateStoreEventType for class org.apache.hadoop.yarn.server.resourcemanager.recovery.RMStateStore$ForwardingEventHandler
2019-02-09 14:54:15,189 INFO org.apache.hadoop.yarn.event.AsyncDispatcher: Registering class org.apache.hadoop.yarn.server.resourcemanager.NodesListManagerEventType for class org.apache.hadoop.yarn.server.resourcemanager.NodesListManager
2019-02-09 14:54:15,190 INFO org.apache.hadoop.yarn.server.resourcemanager.ResourceManager: Using Scheduler: org.apache.hadoop.yarn.server.resourcemanager.scheduler.capacity.CapacityScheduler
2019-02-09 14:54:15,375 INFO org.apache.hadoop.yarn.event.AsyncDispatcher: Registering class org.apache.hadoop.yarn.server.resourcemanager.scheduler.event.SchedulerEventType for class org.apache.hadoop.yarn.server.resourcemanager.ResourceManager$SchedulerEventDispatcher
2019-02-09 14:54:15,377 INFO org.apache.hadoop.yarn.event.AsyncDispatcher: Registering class org.apache.hadoop.yarn.server.resourcemanager.rmapp.RMAppEventType for class org.apache.hadoop.yarn.server.resourcemanager.ResourceManager$ApplicationEventDispatcher
2019-02-09 14:54:15,378 INFO org.apache.hadoop.yarn.event.AsyncDispatcher: Registering class org.apache.hadoop.yarn.server.resourcemanager.rmapp.attempt.RMAppAttemptEventType for class org.apache.hadoop.yarn.server.resourcemanager.ResourceManager$ApplicationAttemptEventDispatcher
2019-02-09 14:54:15,435 INFO org.apache.hadoop.yarn.event.AsyncDispatcher: Registering class org.apache.hadoop.yarn.server.resourcemanager.rmnode.RMNodeEventType for class org.apache.hadoop.yarn.server.resourcemanager.ResourceManager$NodeEventDispatcher
2019-02-09 14:54:15,978 INFO org.apache.hadoop.metrics2.impl.MetricsConfig: loaded properties from hadoop-metrics2.properties
2019-02-09 14:54:16,061 INFO org.apache.hadoop.metrics2.impl.MetricsSystemImpl: Scheduled snapshot period at 10 second(s).
2019-02-09 14:54:16,061 INFO org.apache.hadoop.metrics2.impl.MetricsSystemImpl: ResourceManager metrics system started
2019-02-09 14:54:16,226 INFO org.apache.hadoop.yarn.event.AsyncDispatcher: Registering class org.apache.hadoop.yarn.server.resourcemanager.RMAppManagerEventType for class org.apache.hadoop.yarn.server.resourcemanager.RMAppManager
2019-02-09 14:54:16,236 INFO org.apache.hadoop.yarn.event.AsyncDispatcher: Registering class org.apache.hadoop.yarn.server.resourcemanager.amlauncher.AMLauncherEventType for class org.apache.hadoop.yarn.server.resourcemanager.amlauncher.ApplicationMasterLauncher
2019-02-09 14:54:16,239 INFO org.apache.hadoop.yarn.server.resourcemanager.RMNMInfo: Registered RMNMInfo MBean
2019-02-09 14:54:16,241 INFO org.apache.hadoop.yarn.security.YarnAuthorizationProvider: org.apache.hadoop.yarn.security.ConfiguredYarnAuthorizer is instiantiated.
2019-02-09 14:54:16,242 INFO org.apache.hadoop.util.HostsFileReader: Refreshing hosts (include/exclude) list
2019-02-09 14:54:16,244 INFO org.apache.hadoop.conf.Configuration: found resource capacity-scheduler.xml at file:/opt/hadoop/hadoop-2.7.3/etc/hadoop/capacity-scheduler.xml
2019-02-09 14:54:16,358 INFO org.apache.hadoop.yarn.server.resourcemanager.scheduler.capacity.CapacitySchedulerConfiguration: max alloc mb per queue for root is undefined
2019-02-09 14:54:16,358 INFO org.apache.hadoop.yarn.server.resourcemanager.scheduler.capacity.CapacitySchedulerConfiguration: max alloc vcore per queue for root is undefined
2019-02-09 14:54:16,361 INFO org.apache.hadoop.yarn.server.resourcemanager.scheduler.capacity.ParentQueue: root, capacity=1.0, asboluteCapacity=1.0, maxCapacity=1.0, asboluteMaxCapacity=1.0, state=RUNNING, acls=ADMINISTER_QUEUE:*SUBMIT_APP:*, labels=*,
, reservationsContinueLooking=true
2019-02-09 14:54:16,361 INFO org.apache.hadoop.yarn.server.resourcemanager.scheduler.capacity.ParentQueue: Initialized parent-queue root name=root, fullname=root
2019-02-09 14:54:16,371 INFO org.apache.hadoop.yarn.server.resourcemanager.scheduler.capacity.CapacitySchedulerConfiguration: max alloc mb per queue for root.default is undefined
2019-02-09 14:54:16,371 INFO org.apache.hadoop.yarn.server.resourcemanager.scheduler.capacity.CapacitySchedulerConfiguration: max alloc vcore per queue for root.default is undefined
2019-02-09 14:54:16,372 INFO org.apache.hadoop.yarn.server.resourcemanager.scheduler.capacity.LeafQueue: Initializing default
capacity = 1.0 [= (float) configuredCapacity / 100 ]
asboluteCapacity = 1.0 [= parentAbsoluteCapacity * capacity ]
maxCapacity = 1.0 [= configuredMaxCapacity ]
absoluteMaxCapacity = 1.0 [= 1.0 maximumCapacity undefined, (parentAbsoluteMaxCapacity * maximumCapacity) / 100 otherwise ]
userLimit = 100 [= configuredUserLimit ]
userLimitFactor = 1.0 [= configuredUserLimitFactor ]
maxApplications = 10000 [= configuredMaximumSystemApplicationsPerQueue or (int)(configuredMaximumSystemApplications * absoluteCapacity)]
maxApplicationsPerUser = 10000 [= (int)(maxApplications * (userLimit / 100.0f) * userLimitFactor) ]
usedCapacity = 0.0 [= usedResourcesMemory / (clusterResourceMemory * absoluteCapacity)]
absoluteUsedCapacity = 0.0 [= usedResourcesMemory / clusterResourceMemory]
maxAMResourcePerQueuePercent = 0.1 [= configuredMaximumAMResourcePercent ]
minimumAllocationFactor = 0.875 [= (float)(maximumAllocationMemory - minimumAllocationMemory) / maximumAllocationMemory ]
maximumAllocation = <memory:8192, vCores:32> [= configuredMaxAllocation ]
numContainers = 0 [= currentNumContainers ]
state = RUNNING [= configuredState ]
acls = ADMINISTER_QUEUE:*SUBMIT_APP:* [= configuredAcls ]
nodeLocalityDelay = 40
labels=*,
nodeLocalityDelay = 40
reservationsContinueLooking = true
preemptionDisabled = true

2019-02-09 14:54:16,373 INFO org.apache.hadoop.yarn.server.resourcemanager.scheduler.capacity.CapacityScheduler: Initialized queue: default: capacity=1.0, absoluteCapacity=1.0, usedResources=<memory:0, vCores:0>, usedCapacity=0.0, absoluteUsedCapacity=0.0, numApps=0, numContainers=0
2019-02-09 14:54:16,373 INFO org.apache.hadoop.yarn.server.resourcemanager.scheduler.capacity.CapacityScheduler: Initialized queue: root: numChildQueue= 1, capacity=1.0, absoluteCapacity=1.0, usedResources=<memory:0, vCores:0>usedCapacity=0.0, numApps=0, numContainers=0
2019-02-09 14:54:16,374 INFO org.apache.hadoop.yarn.server.resourcemanager.scheduler.capacity.CapacityScheduler: Initialized root queue root: numChildQueue= 1, capacity=1.0, absoluteCapacity=1.0, usedResources=<memory:0, vCores:0>usedCapacity=0.0, numApps=0, numContainers=0
2019-02-09 14:54:16,374 INFO org.apache.hadoop.yarn.server.resourcemanager.scheduler.capacity.CapacityScheduler: Initialized queue mappings, override: false
2019-02-09 14:54:16,374 INFO org.apache.hadoop.yarn.server.resourcemanager.scheduler.capacity.CapacityScheduler: Initialized CapacityScheduler with calculator=class org.apache.hadoop.yarn.util.resource.DefaultResourceCalculator, minimumAllocation=<<memory:1024, vCores:1>>, maximumAllocation=<<memory:8192, vCores:32>>, asynchronousScheduling=false, asyncScheduleInterval=5ms
2019-02-09 14:54:16,726 INFO org.apache.hadoop.yarn.server.resourcemanager.metrics.SystemMetricsPublisher: YARN system metrics publishing service is not enabled
2019-02-09 14:54:16,727 INFO org.apache.hadoop.yarn.server.resourcemanager.ResourceManager: Transitioning to active state
2019-02-09 14:54:16,804 INFO org.apache.hadoop.yarn.server.resourcemanager.recovery.RMStateStore: Updating AMRMToken
2019-02-09 14:54:16,804 INFO org.apache.hadoop.yarn.server.resourcemanager.security.RMContainerTokenSecretManager: Rolling master-key for container-tokens
2019-02-09 14:54:16,805 INFO org.apache.hadoop.yarn.server.resourcemanager.security.NMTokenSecretManagerInRM: Rolling master-key for nm-tokens
2019-02-09 14:54:16,805 INFO org.apache.hadoop.security.token.delegation.AbstractDelegationTokenSecretManager: Updating the current master key for generating delegation tokens
2019-02-09 14:54:16,806 INFO org.apache.hadoop.yarn.server.resourcemanager.security.RMDelegationTokenSecretManager: storing master key with keyID 1
2019-02-09 14:54:16,806 INFO org.apache.hadoop.yarn.server.resourcemanager.recovery.RMStateStore: Storing RMDTMasterKey.
2019-02-09 14:54:16,807 INFO org.apache.hadoop.security.token.delegation.AbstractDelegationTokenSecretManager: Starting expired delegation token remover thread, tokenRemoverScanInterval=60 min(s)
2019-02-09 14:54:16,808 INFO org.apache.hadoop.security.token.delegation.AbstractDelegationTokenSecretManager: Updating the current master key for generating delegation tokens
2019-02-09 14:54:16,808 INFO org.apache.hadoop.yarn.server.resourcemanager.security.RMDelegationTokenSecretManager: storing master key with keyID 2
2019-02-09 14:54:16,808 INFO org.apache.hadoop.yarn.server.resourcemanager.recovery.RMStateStore: Storing RMDTMasterKey.
2019-02-09 14:54:16,809 INFO org.apache.hadoop.yarn.event.AsyncDispatcher: Registering class org.apache.hadoop.yarn.nodelabels.event.NodeLabelsStoreEventType for class org.apache.hadoop.yarn.nodelabels.CommonNodeLabelsManager$ForwardingEventHandler
2019-02-09 14:54:17,195 INFO org.apache.hadoop.ipc.CallQueueManager: Using callQueue class java.util.concurrent.LinkedBlockingQueue
2019-02-09 14:54:17,207 INFO org.apache.hadoop.ipc.Server: Starting Socket Reader #1 for port 8031
2019-02-09 14:54:17,224 INFO org.apache.hadoop.yarn.factories.impl.pb.RpcServerFactoryPBImpl: Adding protocol org.apache.hadoop.yarn.server.api.ResourceTrackerPB to the server
2019-02-09 14:54:17,225 INFO org.apache.hadoop.ipc.Server: IPC Server Responder: starting
2019-02-09 14:54:17,225 INFO org.apache.hadoop.ipc.Server: IPC Server listener on 8031: starting
2019-02-09 14:54:17,487 INFO org.apache.hadoop.ipc.CallQueueManager: Using callQueue class java.util.concurrent.LinkedBlockingQueue
2019-02-09 14:54:17,491 INFO org.apache.hadoop.ipc.Server: Starting Socket Reader #1 for port 8030
2019-02-09 14:54:17,508 INFO org.apache.hadoop.yarn.factories.impl.pb.RpcServerFactoryPBImpl: Adding protocol org.apache.hadoop.yarn.api.ApplicationMasterProtocolPB to the server
2019-02-09 14:54:17,508 INFO org.apache.hadoop.ipc.Server: IPC Server Responder: starting
2019-02-09 14:54:17,509 INFO org.apache.hadoop.ipc.Server: IPC Server listener on 8030: starting
2019-02-09 14:54:17,688 INFO org.apache.hadoop.ipc.CallQueueManager: Using callQueue class java.util.concurrent.LinkedBlockingQueue
2019-02-09 14:54:17,689 INFO org.apache.hadoop.ipc.Server: Starting Socket Reader #1 for port 8032
2019-02-09 14:54:17,692 INFO org.apache.hadoop.yarn.factories.impl.pb.RpcServerFactoryPBImpl: Adding protocol org.apache.hadoop.yarn.api.ApplicationClientProtocolPB to the server
2019-02-09 14:54:17,694 INFO org.apache.hadoop.ipc.Server: IPC Server Responder: starting
2019-02-09 14:54:17,694 INFO org.apache.hadoop.ipc.Server: IPC Server listener on 8032: starting
2019-02-09 14:54:17,704 INFO org.apache.hadoop.yarn.server.resourcemanager.ResourceManager: Transitioned to active state
2019-02-09 14:54:17,788 INFO org.mortbay.log: Logging to org.slf4j.impl.Log4jLoggerAdapter(org.mortbay.log) via org.mortbay.log.Slf4jLog
2019-02-09 14:54:17,796 INFO org.apache.hadoop.security.authentication.server.AuthenticationFilter: Unable to initialize FileSignerSecretProvider, falling back to use random secrets.
2019-02-09 14:54:17,801 INFO org.apache.hadoop.http.HttpRequestLog: Http request log for http.requests.resourcemanager is not defined
2019-02-09 14:54:17,808 INFO org.apache.hadoop.http.HttpServer2: Added global filter 'safety' (class=org.apache.hadoop.http.HttpServer2$QuotingInputFilter)
2019-02-09 14:54:17,861 INFO org.apache.hadoop.http.HttpServer2: Added filter RMAuthenticationFilter (class=org.apache.hadoop.yarn.server.security.http.RMAuthenticationFilter) to context cluster
2019-02-09 14:54:17,861 INFO org.apache.hadoop.http.HttpServer2: Added filter RMAuthenticationFilter (class=org.apache.hadoop.yarn.server.security.http.RMAuthenticationFilter) to context static
2019-02-09 14:54:17,861 INFO org.apache.hadoop.http.HttpServer2: Added filter RMAuthenticationFilter (class=org.apache.hadoop.yarn.server.security.http.RMAuthenticationFilter) to context logs
2019-02-09 14:54:17,863 INFO org.apache.hadoop.http.HttpServer2: Added filter static_user_filter (class=org.apache.hadoop.http.lib.StaticUserWebFilter$StaticUserFilter) to context cluster
2019-02-09 14:54:17,864 INFO org.apache.hadoop.http.HttpServer2: Added filter static_user_filter (class=org.apache.hadoop.http.lib.StaticUserWebFilter$StaticUserFilter) to context static
2019-02-09 14:54:17,864 INFO org.apache.hadoop.http.HttpServer2: Added filter static_user_filter (class=org.apache.hadoop.http.lib.StaticUserWebFilter$StaticUserFilter) to context logs
2019-02-09 14:54:17,876 INFO org.apache.hadoop.http.HttpServer2: adding path spec: /cluster/*
2019-02-09 14:54:17,876 INFO org.apache.hadoop.http.HttpServer2: adding path spec: /ws/*
2019-02-09 14:54:18,993 INFO org.apache.hadoop.yarn.webapp.WebApps: Registered webapp guice modules
2019-02-09 14:54:18,996 INFO org.apache.hadoop.http.HttpServer2: Jetty bound to port 8088
2019-02-09 14:54:18,996 INFO org.mortbay.log: jetty-6.1.26
2019-02-09 14:54:19,135 INFO org.mortbay.log: Extract jar:file:/opt/hadoop/hadoop-2.7.3/share/hadoop/yarn/hadoop-yarn-common-2.7.3.jar!/webapps/cluster to /tmp/Jetty_0_0_0_0_8088_cluster____u0rgz3/webapp
2019-02-09 14:54:20,199 INFO org.apache.hadoop.security.token.delegation.AbstractDelegationTokenSecretManager: Updating the current master key for generating delegation tokens
2019-02-09 14:54:20,200 INFO org.apache.hadoop.security.token.delegation.AbstractDelegationTokenSecretManager: Starting expired delegation token remover thread, tokenRemoverScanInterval=60 min(s)
2019-02-09 14:54:20,200 INFO org.apache.hadoop.security.token.delegation.AbstractDelegationTokenSecretManager: Updating the current master key for generating delegation tokens
2019-02-09 14:54:28,380 INFO org.mortbay.log: Started HttpServer2$SelectChannelConnectorWithSafeStartup@0.0.0.0:8088
2019-02-09 14:54:28,382 INFO org.apache.hadoop.yarn.webapp.WebApps: Web app cluster started at 8088
2019-02-09 14:54:28,409 INFO org.apache.hadoop.ipc.CallQueueManager: Using callQueue class java.util.concurrent.LinkedBlockingQueue
2019-02-09 14:54:28,410 INFO org.apache.hadoop.ipc.Server: Starting Socket Reader #1 for port 8033
2019-02-09 14:54:28,412 INFO org.apache.hadoop.yarn.factories.impl.pb.RpcServerFactoryPBImpl: Adding protocol org.apache.hadoop.yarn.server.api.ResourceManagerAdministrationProtocolPB to the server
2019-02-09 14:54:28,413 INFO org.apache.hadoop.ipc.Server: IPC Server Responder: starting
2019-02-09 14:54:28,413 INFO org.apache.hadoop.ipc.Server: IPC Server listener on 8033: starting
2019-02-09 14:54:28,920 INFO org.apache.hadoop.yarn.util.RackResolver: Resolved big-vm to /default-rack
2019-02-09 14:54:28,923 INFO org.apache.hadoop.yarn.server.resourcemanager.ResourceTrackerService: NodeManager from node big-vm(cmPort: 40303 httpPort: 8042) registered with capability: <memory:8192, vCores:8>, assigned nodeId big-vm:40303
2019-02-09 14:54:28,930 INFO org.apache.hadoop.yarn.server.resourcemanager.rmnode.RMNodeImpl: big-vm:40303 Node Transitioned from NEW to RUNNING
2019-02-09 14:54:28,938 INFO org.apache.hadoop.yarn.server.resourcemanager.scheduler.capacity.CapacityScheduler: Added node big-vm:40303 clusterResource: <memory:8192, vCores:8>
2019-02-09 15:04:16,244 INFO org.apache.hadoop.yarn.server.resourcemanager.scheduler.AbstractYarnScheduler: Release request cache is cleaned up
