root@big-vm:/opt/hive/apache-hive-1.2.1-bin/bin# schematool -initSchema -dbType mysql -userName hive -passWord 'hive' -verbose
ls: cannot access '/opt/spark/spark-2.2.1-bin-hadoop2.7/lib/spark-assembly-*.jar': No such file or directory
Metastore connection URL:	 jdbc:mysql://localhost/metastore?createDatabaseIfNotExist=true&useSSL=false
Metastore Connection Driver :	 com.mysql.jdbc.Driver
Metastore connection User:	 hive
Loading class `com.mysql.jdbc.Driver'. This is deprecated. The new driver class is `com.mysql.cj.jdbc.Driver'. The driver is automatically registered via the SPI and manual loading of the driver class is generally unnecessary.
Starting metastore schema initialization to 1.2.0
Initialization script hive-schema-1.2.0.mysql.sql
Connecting to jdbc:mysql://localhost/metastore?createDatabaseIfNotExist=true&useSSL=false
Connected to: MySQL (version 5.7.22-0ubuntu0.17.10.1)
Driver: MySQL Connector Java (version mysql-connector-java-6.0.4 ( Revision: d2d72c397f9880b5861eb144cd8950eff808bffd ))
Transaction isolation: TRANSACTION_READ_COMMITTED
0: jdbc:mysql://localhost/metastore> !autocommit on
Autocommit status: true
0: jdbc:mysql://localhost/metastore> /*!40101 SET @OLD_CHARACTER_SET_CLIENT=@@CHARACTER_SET_CLIENT */
No rows affected (0.004 seconds)
0: jdbc:mysql://localhost/metastore> /*!40101 SET @OLD_CHARACTER_SET_RESULTS=@@CHARACTER_SET_RESULTS */
No rows affected (0.001 seconds)
0: jdbc:mysql://localhost/metastore> /*!40101 SET @OLD_COLLATION_CONNECTION=@@COLLATION_CONNECTION */
No rows affected (0.001 seconds)
0: jdbc:mysql://localhost/metastore> /*!40101 SET NAMES utf8 */
No rows affected (0.001 seconds)
0: jdbc:mysql://localhost/metastore> /*!40103 SET @OLD_TIME_ZONE=@@TIME_ZONE */
No rows affected (0.001 seconds)
0: jdbc:mysql://localhost/metastore> /*!40103 SET TIME_ZONE='+00:00' */
No rows affected (0.003 seconds)
0: jdbc:mysql://localhost/metastore> /*!40014 SET @OLD_UNIQUE_CHECKS=@@UNIQUE_CHECKS, UNIQUE_CHECKS=0 */
No rows affected (0.001 seconds)
0: jdbc:mysql://localhost/metastore> /*!40014 SET @OLD_FOREIGN_KEY_CHECKS=@@FOREIGN_KEY_CHECKS, FOREIGN_KEY_CHECKS=0 */
No rows affected (0.002 seconds)
0: jdbc:mysql://localhost/metastore> /*!40101 SET @OLD_SQL_MODE=@@SQL_MODE, SQL_MODE='NO_AUTO_VALUE_ON_ZERO' */
No rows affected (0.007 seconds)
0: jdbc:mysql://localhost/metastore> /*!40111 SET @OLD_SQL_NOTES=@@SQL_NOTES, SQL_NOTES=0 */
No rows affected (0.001 seconds)
0: jdbc:mysql://localhost/metastore> /*!40101 SET @saved_cs_client     = @@character_set_client */
No rows affected (0.001 seconds)
0: jdbc:mysql://localhost/metastore> /*!40101 SET character_set_client = utf8 */
No rows affected (0.001 seconds)
0: jdbc:mysql://localhost/metastore> CREATE TABLE IF NOT EXISTS `BUCKETING_COLS` ( `SD_ID` bigint(20) NOT NULL, `BUCKET_COL_NAME` varchar(256) CHARACTER SET latin1 COLLATE latin1_bin DEFAULT NULL, `INTEGER_IDX` int(11) NOT NULL, PRIMARY KEY (`SD_ID`,`INTEGER_IDX`), KEY `BUCKETING_COLS_N49` (`SD_ID`), CONSTRAINT `BUCKETING_COLS_FK1` FOREIGN KEY (`SD_ID`) REFERENCES `SDS` (`SD_ID`) ) ENGINE=InnoDB DEFAULT CHARSET=latin1
No rows affected (0.341 seconds)
0: jdbc:mysql://localhost/metastore> /*!40101 SET character_set_client = @saved_cs_client */
No rows affected (0.001 seconds)
0: jdbc:mysql://localhost/metastore> /*!40101 SET @saved_cs_client     = @@character_set_client */
No rows affected (0.001 seconds)
0: jdbc:mysql://localhost/metastore> /*!40101 SET character_set_client = utf8 */
No rows affected (0 seconds)
0: jdbc:mysql://localhost/metastore> CREATE TABLE IF NOT EXISTS `CDS` ( `CD_ID` bigint(20) NOT NULL, PRIMARY KEY (`CD_ID`) ) ENGINE=InnoDB DEFAULT CHARSET=latin1
No rows affected (0.285 seconds)
0: jdbc:mysql://localhost/metastore> /*!40101 SET character_set_client = @saved_cs_client */
No rows affected (0.002 seconds)
0: jdbc:mysql://localhost/metastore> /*!40101 SET @saved_cs_client     = @@character_set_client */
No rows affected (0.001 seconds)
0: jdbc:mysql://localhost/metastore> /*!40101 SET character_set_client = utf8 */
No rows affected (0.007 seconds)
0: jdbc:mysql://localhost/metastore> CREATE TABLE IF NOT EXISTS `COLUMNS_V2` ( `CD_ID` bigint(20) NOT NULL, `COMMENT` varchar(256) CHARACTER SET latin1 COLLATE latin1_bin DEFAULT NULL, `COLUMN_NAME` varchar(128) CHARACTER SET latin1 COLLATE latin1_bin NOT NULL, `TYPE_NAME` varchar(4000) DEFAULT NULL, `INTEGER_IDX` int(11) NOT NULL, PRIMARY KEY (`CD_ID`,`COLUMN_NAME`), KEY `COLUMNS_V2_N49` (`CD_ID`), CONSTRAINT `COLUMNS_V2_FK1` FOREIGN KEY (`CD_ID`) REFERENCES `CDS` (`CD_ID`) ) ENGINE=InnoDB DEFAULT CHARSET=latin1
No rows affected (0.373 seconds)
0: jdbc:mysql://localhost/metastore> /*!40101 SET character_set_client = @saved_cs_client */
No rows affected (0.003 seconds)
0: jdbc:mysql://localhost/metastore> /*!40101 SET @saved_cs_client     = @@character_set_client */
No rows affected (0.002 seconds)
0: jdbc:mysql://localhost/metastore> /*!40101 SET character_set_client = utf8 */
No rows affected (0.002 seconds)
0: jdbc:mysql://localhost/metastore> CREATE TABLE IF NOT EXISTS `DATABASE_PARAMS` ( `DB_ID` bigint(20) NOT NULL, `PARAM_KEY` varchar(180) CHARACTER SET latin1 COLLATE latin1_bin NOT NULL, `PARAM_VALUE` varchar(4000) CHARACTER SET latin1 COLLATE latin1_bin DEFAULT NULL, PRIMARY KEY (`DB_ID`,`PARAM_KEY`), KEY `DATABASE_PARAMS_N49` (`DB_ID`), CONSTRAINT `DATABASE_PARAMS_FK1` FOREIGN KEY (`DB_ID`) REFERENCES `DBS` (`DB_ID`) ) ENGINE=InnoDB DEFAULT CHARSET=latin1
No rows affected (0.373 seconds)
0: jdbc:mysql://localhost/metastore> /*!40101 SET character_set_client = @saved_cs_client */
No rows affected (0.002 seconds)
0: jdbc:mysql://localhost/metastore> /*!40101 SET @saved_cs_client     = @@character_set_client */
No rows affected (0.002 seconds)
0: jdbc:mysql://localhost/metastore> /*!40101 SET character_set_client = utf8 */
No rows affected (0.004 seconds)
0: jdbc:mysql://localhost/metastore> CREATE TABLE IF NOT EXISTS `DBS` ( `DB_ID` bigint(20) NOT NULL, `DESC` varchar(4000) CHARACTER SET latin1 COLLATE latin1_bin DEFAULT NULL, `DB_LOCATION_URI` varchar(4000) CHARACTER SET latin1 COLLATE latin1_bin NOT NULL, `NAME` varchar(128) CHARACTER SET latin1 COLLATE latin1_bin DEFAULT NULL, `OWNER_NAME` varchar(128) CHARACTER SET latin1 COLLATE latin1_bin DEFAULT NULL, `OWNER_TYPE` varchar(10) CHARACTER SET latin1 COLLATE latin1_bin DEFAULT NULL, PRIMARY KEY (`DB_ID`), UNIQUE KEY `UNIQUE_DATABASE` (`NAME`) ) ENGINE=InnoDB DEFAULT CHARSET=latin1
No rows affected (0.315 seconds)
0: jdbc:mysql://localhost/metastore> /*!40101 SET character_set_client = @saved_cs_client */
No rows affected (0.003 seconds)
0: jdbc:mysql://localhost/metastore> /*!40101 SET @saved_cs_client     = @@character_set_client */
No rows affected (0.003 seconds)
0: jdbc:mysql://localhost/metastore> /*!40101 SET character_set_client = utf8 */
No rows affected (0.001 seconds)
0: jdbc:mysql://localhost/metastore> CREATE TABLE IF NOT EXISTS `DB_PRIVS` ( `DB_GRANT_ID` bigint(20) NOT NULL, `CREATE_TIME` int(11) NOT NULL, `DB_ID` bigint(20) DEFAULT NULL, `GRANT_OPTION` smallint(6) NOT NULL, `GRANTOR` varchar(128) CHARACTER SET latin1 COLLATE latin1_bin DEFAULT NULL, `GRANTOR_TYPE` varchar(128) CHARACTER SET latin1 COLLATE latin1_bin DEFAULT NULL, `PRINCIPAL_NAME` varchar(128) CHARACTER SET latin1 COLLATE latin1_bin DEFAULT NULL, `PRINCIPAL_TYPE` varchar(128) CHARACTER SET latin1 COLLATE latin1_bin DEFAULT NULL, `DB_PRIV` varchar(128) CHARACTER SET latin1 COLLATE latin1_bin DEFAULT NULL, PRIMARY KEY (`DB_GRANT_ID`), UNIQUE KEY `DBPRIVILEGEINDEX` (`DB_ID`,`PRINCIPAL_NAME`,`PRINCIPAL_TYPE`,`DB_PRIV`,`GRANTOR`,`GRANTOR_TYPE`), KEY `DB_PRIVS_N49` (`DB_ID`), CONSTRAINT `DB_PRIVS_FK1` FOREIGN KEY (`DB_ID`) REFERENCES `DBS` (`DB_ID`) ) ENGINE=InnoDB DEFAULT CHARSET=latin1 
No rows affected (0.532 seconds)
0: jdbc:mysql://localhost/metastore> /*!40101 SET character_set_client = @saved_cs_client */
No rows affected (0.005 seconds)
0: jdbc:mysql://localhost/metastore> /*!40101 SET @saved_cs_client     = @@character_set_client */
No rows affected (0.002 seconds)
0: jdbc:mysql://localhost/metastore> /*!40101 SET character_set_client = utf8 */
No rows affected (0.001 seconds)
0: jdbc:mysql://localhost/metastore> CREATE TABLE IF NOT EXISTS `GLOBAL_PRIVS` ( `USER_GRANT_ID` bigint(20) NOT NULL, `CREATE_TIME` int(11) NOT NULL, `GRANT_OPTION` smallint(6) NOT NULL, `GRANTOR` varchar(128) CHARACTER SET latin1 COLLATE latin1_bin DEFAULT NULL, `GRANTOR_TYPE` varchar(128) CHARACTER SET latin1 COLLATE latin1_bin DEFAULT NULL, `PRINCIPAL_NAME` varchar(128) CHARACTER SET latin1 COLLATE latin1_bin DEFAULT NULL, `PRINCIPAL_TYPE` varchar(128) CHARACTER SET latin1 COLLATE latin1_bin DEFAULT NULL, `USER_PRIV` varchar(128) CHARACTER SET latin1 COLLATE latin1_bin DEFAULT NULL, PRIMARY KEY (`USER_GRANT_ID`), UNIQUE KEY `GLOBALPRIVILEGEINDEX` (`PRINCIPAL_NAME`,`PRINCIPAL_TYPE`,`USER_PRIV`,`GRANTOR`,`GRANTOR_TYPE`) ) ENGINE=InnoDB DEFAULT CHARSET=latin1
No rows affected (0.309 seconds)
0: jdbc:mysql://localhost/metastore> /*!40101 SET character_set_client = @saved_cs_client */
No rows affected (0.003 seconds)
0: jdbc:mysql://localhost/metastore> /*!40101 SET @saved_cs_client     = @@character_set_client */
No rows affected (0.004 seconds)
0: jdbc:mysql://localhost/metastore> /*!40101 SET character_set_client = utf8 */
No rows affected (0.003 seconds)
0: jdbc:mysql://localhost/metastore> CREATE TABLE IF NOT EXISTS `IDXS` ( `INDEX_ID` bigint(20) NOT NULL, `CREATE_TIME` int(11) NOT NULL, `DEFERRED_REBUILD` bit(1) NOT NULL, `INDEX_HANDLER_CLASS` varchar(4000) CHARACTER SET latin1 COLLATE latin1_bin DEFAULT NULL, `INDEX_NAME` varchar(128) CHARACTER SET latin1 COLLATE latin1_bin DEFAULT NULL, `INDEX_TBL_ID` bigint(20) DEFAULT NULL, `LAST_ACCESS_TIME` int(11) NOT NULL, `ORIG_TBL_ID` bigint(20) DEFAULT NULL, `SD_ID` bigint(20) DEFAULT NULL, PRIMARY KEY (`INDEX_ID`), UNIQUE KEY `UNIQUEINDEX` (`INDEX_NAME`,`ORIG_TBL_ID`), KEY `IDXS_N51` (`SD_ID`), KEY `IDXS_N50` (`INDEX_TBL_ID`), KEY `IDXS_N49` (`ORIG_TBL_ID`), CONSTRAINT `IDXS_FK1` FOREIGN KEY (`ORIG_TBL_ID`) REFERENCES `TBLS` (`TBL_ID`), CONSTRAINT `IDXS_FK2` FOREIGN KEY (`SD_ID`) REFERENCES `SDS` (`SD_ID`), CONSTRAINT `IDXS_FK3` FOREIGN KEY (`INDEX_TBL_ID`) REFERENCES `TBLS` (`TBL_ID`) ) ENGINE=InnoDB DEFAULT CHARSET=latin1
No rows affected (0.544 seconds)
0: jdbc:mysql://localhost/metastore> /*!40101 SET character_set_client = @saved_cs_client */
No rows affected (0.002 seconds)
0: jdbc:mysql://localhost/metastore> /*!40101 SET @saved_cs_client     = @@character_set_client */
No rows affected (0.002 seconds)
0: jdbc:mysql://localhost/metastore> /*!40101 SET character_set_client = utf8 */
No rows affected (0.003 seconds)
0: jdbc:mysql://localhost/metastore> CREATE TABLE IF NOT EXISTS `INDEX_PARAMS` ( `INDEX_ID` bigint(20) NOT NULL, `PARAM_KEY` varchar(256) CHARACTER SET latin1 COLLATE latin1_bin NOT NULL, `PARAM_VALUE` varchar(4000) CHARACTER SET latin1 COLLATE latin1_bin DEFAULT NULL, PRIMARY KEY (`INDEX_ID`,`PARAM_KEY`), KEY `INDEX_PARAMS_N49` (`INDEX_ID`), CONSTRAINT `INDEX_PARAMS_FK1` FOREIGN KEY (`INDEX_ID`) REFERENCES `IDXS` (`INDEX_ID`) ) ENGINE=InnoDB DEFAULT CHARSET=latin1
No rows affected (0.33 seconds)
0: jdbc:mysql://localhost/metastore> /*!40101 SET character_set_client = @saved_cs_client */
No rows affected (0.003 seconds)
0: jdbc:mysql://localhost/metastore> /*!40101 SET @saved_cs_client     = @@character_set_client */
No rows affected (0.001 seconds)
0: jdbc:mysql://localhost/metastore> /*!40101 SET character_set_client = utf8 */
No rows affected (0.002 seconds)
0: jdbc:mysql://localhost/metastore> CREATE TABLE IF NOT EXISTS `NUCLEUS_TABLES` ( `CLASS_NAME` varchar(128) CHARACTER SET latin1 COLLATE latin1_bin NOT NULL, `TABLE_NAME` varchar(128) CHARACTER SET latin1 COLLATE latin1_bin NOT NULL, `TYPE` varchar(4) CHARACTER SET latin1 COLLATE latin1_bin NOT NULL, `OWNER` varchar(2) CHARACTER SET latin1 COLLATE latin1_bin NOT NULL, `VERSION` varchar(20) CHARACTER SET latin1 COLLATE latin1_bin NOT NULL, `INTERFACE_NAME` varchar(255) CHARACTER SET latin1 COLLATE latin1_bin DEFAULT NULL, PRIMARY KEY (`CLASS_NAME`) ) ENGINE=InnoDB DEFAULT CHARSET=latin1
No rows affected (0.308 seconds)
0: jdbc:mysql://localhost/metastore> /*!40101 SET character_set_client = @saved_cs_client */
No rows affected (0.002 seconds)
0: jdbc:mysql://localhost/metastore> /*!40101 SET @saved_cs_client     = @@character_set_client */
No rows affected (0.001 seconds)
0: jdbc:mysql://localhost/metastore> /*!40101 SET character_set_client = utf8 */
No rows affected (0.012 seconds)
0: jdbc:mysql://localhost/metastore> CREATE TABLE IF NOT EXISTS `PARTITIONS` ( `PART_ID` bigint(20) NOT NULL, `CREATE_TIME` int(11) NOT NULL, `LAST_ACCESS_TIME` int(11) NOT NULL, `PART_NAME` varchar(767) CHARACTER SET latin1 COLLATE latin1_bin DEFAULT NULL, `SD_ID` bigint(20) DEFAULT NULL, `TBL_ID` bigint(20) DEFAULT NULL, `LINK_TARGET_ID` bigint(20) DEFAULT NULL, PRIMARY KEY (`PART_ID`), UNIQUE KEY `UNIQUEPARTITION` (`PART_NAME`,`TBL_ID`), KEY `PARTITIONS_N49` (`TBL_ID`), KEY `PARTITIONS_N50` (`SD_ID`), KEY `PARTITIONS_N51` (`LINK_TARGET_ID`), CONSTRAINT `PARTITIONS_FK1` FOREIGN KEY (`TBL_ID`) REFERENCES `TBLS` (`TBL_ID`), CONSTRAINT `PARTITIONS_FK2` FOREIGN KEY (`SD_ID`) REFERENCES `SDS` (`SD_ID`), CONSTRAINT `PARTITIONS_FK3` FOREIGN KEY (`LINK_TARGET_ID`) REFERENCES `PARTITIONS` (`PART_ID`) ) ENGINE=InnoDB DEFAULT CHARSET=latin1
No rows affected (0.436 seconds)
0: jdbc:mysql://localhost/metastore> /*!40101 SET character_set_client = @saved_cs_client */
No rows affected (0.002 seconds)
0: jdbc:mysql://localhost/metastore> /*!40101 SET @saved_cs_client     = @@character_set_client */
No rows affected (0.003 seconds)
0: jdbc:mysql://localhost/metastore> /*!40101 SET character_set_client = utf8 */
No rows affected (0.012 seconds)
0: jdbc:mysql://localhost/metastore> CREATE TABLE IF NOT EXISTS `PARTITION_EVENTS` ( `PART_NAME_ID` bigint(20) NOT NULL, `DB_NAME` varchar(128) CHARACTER SET latin1 COLLATE latin1_bin DEFAULT NULL, `EVENT_TIME` bigint(20) NOT NULL, `EVENT_TYPE` int(11) NOT NULL, `PARTITION_NAME` varchar(767) CHARACTER SET latin1 COLLATE latin1_bin DEFAULT NULL, `TBL_NAME` varchar(128) CHARACTER SET latin1 COLLATE latin1_bin DEFAULT NULL, PRIMARY KEY (`PART_NAME_ID`), KEY `PARTITIONEVENTINDEX` (`PARTITION_NAME`) ) ENGINE=InnoDB DEFAULT CHARSET=latin1
No rows affected (0.293 seconds)
0: jdbc:mysql://localhost/metastore> /*!40101 SET character_set_client = @saved_cs_client */
No rows affected (0.002 seconds)
0: jdbc:mysql://localhost/metastore> /*!40101 SET @saved_cs_client     = @@character_set_client */
No rows affected (0.002 seconds)
0: jdbc:mysql://localhost/metastore> /*!40101 SET character_set_client = utf8 */
No rows affected (0.004 seconds)
0: jdbc:mysql://localhost/metastore> CREATE TABLE IF NOT EXISTS `PARTITION_KEYS` ( `TBL_ID` bigint(20) NOT NULL, `PKEY_COMMENT` varchar(4000) CHARACTER SET latin1 COLLATE latin1_bin DEFAULT NULL, `PKEY_NAME` varchar(128) CHARACTER SET latin1 COLLATE latin1_bin NOT NULL, `PKEY_TYPE` varchar(767) CHARACTER SET latin1 COLLATE latin1_bin NOT NULL, `INTEGER_IDX` int(11) NOT NULL, PRIMARY KEY (`TBL_ID`,`PKEY_NAME`), KEY `PARTITION_KEYS_N49` (`TBL_ID`), CONSTRAINT `PARTITION_KEYS_FK1` FOREIGN KEY (`TBL_ID`) REFERENCES `TBLS` (`TBL_ID`) ) ENGINE=InnoDB DEFAULT CHARSET=latin1
No rows affected (0.35 seconds)
0: jdbc:mysql://localhost/metastore> /*!40101 SET character_set_client = @saved_cs_client */
No rows affected (0.004 seconds)
0: jdbc:mysql://localhost/metastore> /*!40101 SET @saved_cs_client     = @@character_set_client */
No rows affected (0.001 seconds)
0: jdbc:mysql://localhost/metastore> /*!40101 SET character_set_client = utf8 */
No rows affected (0.002 seconds)
0: jdbc:mysql://localhost/metastore> CREATE TABLE IF NOT EXISTS `PARTITION_KEY_VALS` ( `PART_ID` bigint(20) NOT NULL, `PART_KEY_VAL` varchar(256) CHARACTER SET latin1 COLLATE latin1_bin DEFAULT NULL, `INTEGER_IDX` int(11) NOT NULL, PRIMARY KEY (`PART_ID`,`INTEGER_IDX`), KEY `PARTITION_KEY_VALS_N49` (`PART_ID`), CONSTRAINT `PARTITION_KEY_VALS_FK1` FOREIGN KEY (`PART_ID`) REFERENCES `PARTITIONS` (`PART_ID`) ) ENGINE=InnoDB DEFAULT CHARSET=latin1
No rows affected (0.311 seconds)
0: jdbc:mysql://localhost/metastore> /*!40101 SET character_set_client = @saved_cs_client */
No rows affected (0.003 seconds)
0: jdbc:mysql://localhost/metastore> /*!40101 SET @saved_cs_client     = @@character_set_client */
No rows affected (0.002 seconds)
0: jdbc:mysql://localhost/metastore> /*!40101 SET character_set_client = utf8 */
No rows affected (0.002 seconds)
0: jdbc:mysql://localhost/metastore> CREATE TABLE IF NOT EXISTS `PARTITION_PARAMS` ( `PART_ID` bigint(20) NOT NULL, `PARAM_KEY` varchar(256) CHARACTER SET latin1 COLLATE latin1_bin NOT NULL, `PARAM_VALUE` varchar(4000) CHARACTER SET latin1 COLLATE latin1_bin DEFAULT NULL, PRIMARY KEY (`PART_ID`,`PARAM_KEY`), KEY `PARTITION_PARAMS_N49` (`PART_ID`), CONSTRAINT `PARTITION_PARAMS_FK1` FOREIGN KEY (`PART_ID`) REFERENCES `PARTITIONS` (`PART_ID`) ) ENGINE=InnoDB DEFAULT CHARSET=latin1
No rows affected (0.317 seconds)
0: jdbc:mysql://localhost/metastore> /*!40101 SET character_set_client = @saved_cs_client */
No rows affected (0.004 seconds)
0: jdbc:mysql://localhost/metastore> /*!40101 SET @saved_cs_client     = @@character_set_client */
No rows affected (0.002 seconds)
0: jdbc:mysql://localhost/metastore> /*!40101 SET character_set_client = utf8 */
No rows affected (0.001 seconds)
0: jdbc:mysql://localhost/metastore> CREATE TABLE IF NOT EXISTS `PART_COL_PRIVS` ( `PART_COLUMN_GRANT_ID` bigint(20) NOT NULL, `COLUMN_NAME` varchar(128) CHARACTER SET latin1 COLLATE latin1_bin DEFAULT NULL, `CREATE_TIME` int(11) NOT NULL, `GRANT_OPTION` smallint(6) NOT NULL, `GRANTOR` varchar(128) CHARACTER SET latin1 COLLATE latin1_bin DEFAULT NULL, `GRANTOR_TYPE` varchar(128) CHARACTER SET latin1 COLLATE latin1_bin DEFAULT NULL, `PART_ID` bigint(20) DEFAULT NULL, `PRINCIPAL_NAME` varchar(128) CHARACTER SET latin1 COLLATE latin1_bin DEFAULT NULL, `PRINCIPAL_TYPE` varchar(128) CHARACTER SET latin1 COLLATE latin1_bin DEFAULT NULL, `PART_COL_PRIV` varchar(128) CHARACTER SET latin1 COLLATE latin1_bin DEFAULT NULL, PRIMARY KEY (`PART_COLUMN_GRANT_ID`), KEY `PART_COL_PRIVS_N49` (`PART_ID`), KEY `PARTITIONCOLUMNPRIVILEGEINDEX` (`PART_ID`,`COLUMN_NAME`,`PRINCIPAL_NAME`,`PRINCIPAL_TYPE`,`PART_COL_PRIV`,`GRANTOR`,`GRANTOR_TYPE`), CONSTRAINT `PART_COL_PRIVS_FK1` FOREIGN KEY (`PART_ID`) REFERENCES `PARTITIONS` (`PART_ID`) ) ENGINE=InnoDB DEFAULT CHARSET=latin1
No rows affected (0.512 seconds)
0: jdbc:mysql://localhost/metastore> /*!40101 SET character_set_client = @saved_cs_client */
No rows affected (0.002 seconds)
0: jdbc:mysql://localhost/metastore> /*!40101 SET @saved_cs_client     = @@character_set_client */
No rows affected (0.001 seconds)
0: jdbc:mysql://localhost/metastore> /*!40101 SET character_set_client = utf8 */
No rows affected (0.001 seconds)
0: jdbc:mysql://localhost/metastore> CREATE TABLE IF NOT EXISTS `PART_PRIVS` ( `PART_GRANT_ID` bigint(20) NOT NULL, `CREATE_TIME` int(11) NOT NULL, `GRANT_OPTION` smallint(6) NOT NULL, `GRANTOR` varchar(128) CHARACTER SET latin1 COLLATE latin1_bin DEFAULT NULL, `GRANTOR_TYPE` varchar(128) CHARACTER SET latin1 COLLATE latin1_bin DEFAULT NULL, `PART_ID` bigint(20) DEFAULT NULL, `PRINCIPAL_NAME` varchar(128) CHARACTER SET latin1 COLLATE latin1_bin DEFAULT NULL, `PRINCIPAL_TYPE` varchar(128) CHARACTER SET latin1 COLLATE latin1_bin DEFAULT NULL, `PART_PRIV` varchar(128) CHARACTER SET latin1 COLLATE latin1_bin DEFAULT NULL, PRIMARY KEY (`PART_GRANT_ID`), KEY `PARTPRIVILEGEINDEX` (`PART_ID`,`PRINCIPAL_NAME`,`PRINCIPAL_TYPE`,`PART_PRIV`,`GRANTOR`,`GRANTOR_TYPE`), KEY `PART_PRIVS_N49` (`PART_ID`), CONSTRAINT `PART_PRIVS_FK1` FOREIGN KEY (`PART_ID`) REFERENCES `PARTITIONS` (`PART_ID`) ) ENGINE=InnoDB DEFAULT CHARSET=latin1
No rows affected (0.346 seconds)
0: jdbc:mysql://localhost/metastore> /*!40101 SET character_set_client = @saved_cs_client */
No rows affected (0.001 seconds)
0: jdbc:mysql://localhost/metastore> /*!40101 SET @saved_cs_client     = @@character_set_client */
No rows affected (0.001 seconds)
0: jdbc:mysql://localhost/metastore> /*!40101 SET character_set_client = utf8 */
No rows affected (0.003 seconds)
0: jdbc:mysql://localhost/metastore> CREATE TABLE IF NOT EXISTS `ROLES` ( `ROLE_ID` bigint(20) NOT NULL, `CREATE_TIME` int(11) NOT NULL, `OWNER_NAME` varchar(128) CHARACTER SET latin1 COLLATE latin1_bin DEFAULT NULL, `ROLE_NAME` varchar(128) CHARACTER SET latin1 COLLATE latin1_bin DEFAULT NULL, PRIMARY KEY (`ROLE_ID`), UNIQUE KEY `ROLEENTITYINDEX` (`ROLE_NAME`) ) ENGINE=InnoDB DEFAULT CHARSET=latin1
No rows affected (0.379 seconds)
0: jdbc:mysql://localhost/metastore> /*!40101 SET character_set_client = @saved_cs_client */
No rows affected (0.001 seconds)
0: jdbc:mysql://localhost/metastore> /*!40101 SET @saved_cs_client     = @@character_set_client */
No rows affected (0.002 seconds)
0: jdbc:mysql://localhost/metastore> /*!40101 SET character_set_client = utf8 */
No rows affected (0.001 seconds)
0: jdbc:mysql://localhost/metastore> CREATE TABLE IF NOT EXISTS `ROLE_MAP` ( `ROLE_GRANT_ID` bigint(20) NOT NULL, `ADD_TIME` int(11) NOT NULL, `GRANT_OPTION` smallint(6) NOT NULL, `GRANTOR` varchar(128) CHARACTER SET latin1 COLLATE latin1_bin DEFAULT NULL, `GRANTOR_TYPE` varchar(128) CHARACTER SET latin1 COLLATE latin1_bin DEFAULT NULL, `PRINCIPAL_NAME` varchar(128) CHARACTER SET latin1 COLLATE latin1_bin DEFAULT NULL, `PRINCIPAL_TYPE` varchar(128) CHARACTER SET latin1 COLLATE latin1_bin DEFAULT NULL, `ROLE_ID` bigint(20) DEFAULT NULL, PRIMARY KEY (`ROLE_GRANT_ID`), UNIQUE KEY `USERROLEMAPINDEX` (`PRINCIPAL_NAME`,`ROLE_ID`,`GRANTOR`,`GRANTOR_TYPE`), KEY `ROLE_MAP_N49` (`ROLE_ID`), CONSTRAINT `ROLE_MAP_FK1` FOREIGN KEY (`ROLE_ID`) REFERENCES `ROLES` (`ROLE_ID`) ) ENGINE=InnoDB DEFAULT CHARSET=latin1
No rows affected (0.389 seconds)
0: jdbc:mysql://localhost/metastore> /*!40101 SET character_set_client = @saved_cs_client */
No rows affected (0.001 seconds)
0: jdbc:mysql://localhost/metastore> /*!40101 SET @saved_cs_client     = @@character_set_client */
No rows affected (0.001 seconds)
0: jdbc:mysql://localhost/metastore> /*!40101 SET character_set_client = utf8 */
No rows affected (0.002 seconds)
0: jdbc:mysql://localhost/metastore> CREATE TABLE IF NOT EXISTS `SDS` ( `SD_ID` bigint(20) NOT NULL, `CD_ID` bigint(20) DEFAULT NULL, `INPUT_FORMAT` varchar(4000) CHARACTER SET latin1 COLLATE latin1_bin DEFAULT NULL, `IS_COMPRESSED` bit(1) NOT NULL, `IS_STOREDASSUBDIRECTORIES` bit(1) NOT NULL, `LOCATION` varchar(4000) CHARACTER SET latin1 COLLATE latin1_bin DEFAULT NULL, `NUM_BUCKETS` int(11) NOT NULL, `OUTPUT_FORMAT` varchar(4000) CHARACTER SET latin1 COLLATE latin1_bin DEFAULT NULL, `SERDE_ID` bigint(20) DEFAULT NULL, PRIMARY KEY (`SD_ID`), KEY `SDS_N49` (`SERDE_ID`), KEY `SDS_N50` (`CD_ID`), CONSTRAINT `SDS_FK1` FOREIGN KEY (`SERDE_ID`) REFERENCES `SERDES` (`SERDE_ID`), CONSTRAINT `SDS_FK2` FOREIGN KEY (`CD_ID`) REFERENCES `CDS` (`CD_ID`) ) ENGINE=InnoDB DEFAULT CHARSET=latin1
No rows affected (0.431 seconds)
0: jdbc:mysql://localhost/metastore> /*!40101 SET character_set_client = @saved_cs_client */
No rows affected (0.001 seconds)
0: jdbc:mysql://localhost/metastore> /*!40101 SET @saved_cs_client     = @@character_set_client */
No rows affected (0.001 seconds)
0: jdbc:mysql://localhost/metastore> /*!40101 SET character_set_client = utf8 */
No rows affected (0.004 seconds)
0: jdbc:mysql://localhost/metastore> CREATE TABLE IF NOT EXISTS `SD_PARAMS` ( `SD_ID` bigint(20) NOT NULL, `PARAM_KEY` varchar(256) CHARACTER SET latin1 COLLATE latin1_bin NOT NULL, `PARAM_VALUE` varchar(4000) CHARACTER SET latin1 COLLATE latin1_bin DEFAULT NULL, PRIMARY KEY (`SD_ID`,`PARAM_KEY`), KEY `SD_PARAMS_N49` (`SD_ID`), CONSTRAINT `SD_PARAMS_FK1` FOREIGN KEY (`SD_ID`) REFERENCES `SDS` (`SD_ID`) ) ENGINE=InnoDB DEFAULT CHARSET=latin1
No rows affected (0.323 seconds)
0: jdbc:mysql://localhost/metastore> /*!40101 SET character_set_client = @saved_cs_client */
No rows affected (0.003 seconds)
0: jdbc:mysql://localhost/metastore> /*!40101 SET @saved_cs_client     = @@character_set_client */
No rows affected (0.004 seconds)
0: jdbc:mysql://localhost/metastore> /*!40101 SET character_set_client = utf8 */
No rows affected (0 seconds)
0: jdbc:mysql://localhost/metastore> CREATE TABLE IF NOT EXISTS `SEQUENCE_TABLE` ( `SEQUENCE_NAME` varchar(255) CHARACTER SET latin1 COLLATE latin1_bin NOT NULL, `NEXT_VAL` bigint(20) NOT NULL, PRIMARY KEY (`SEQUENCE_NAME`) ) ENGINE=InnoDB DEFAULT CHARSET=latin1
No rows affected (0.281 seconds)
0: jdbc:mysql://localhost/metastore> /*!40101 SET character_set_client = @saved_cs_client */
No rows affected (0.002 seconds)
0: jdbc:mysql://localhost/metastore> /*!40101 SET @saved_cs_client     = @@character_set_client */
No rows affected (0.001 seconds)
0: jdbc:mysql://localhost/metastore> /*!40101 SET character_set_client = utf8 */
No rows affected (0.001 seconds)
0: jdbc:mysql://localhost/metastore> CREATE TABLE IF NOT EXISTS `SERDES` ( `SERDE_ID` bigint(20) NOT NULL, `NAME` varchar(128) CHARACTER SET latin1 COLLATE latin1_bin DEFAULT NULL, `SLIB` varchar(4000) CHARACTER SET latin1 COLLATE latin1_bin DEFAULT NULL, PRIMARY KEY (`SERDE_ID`) ) ENGINE=InnoDB DEFAULT CHARSET=latin1
No rows affected (0.448 seconds)
0: jdbc:mysql://localhost/metastore> /*!40101 SET character_set_client = @saved_cs_client */
No rows affected (0.002 seconds)
0: jdbc:mysql://localhost/metastore> /*!40101 SET @saved_cs_client     = @@character_set_client */
No rows affected (0.001 seconds)
0: jdbc:mysql://localhost/metastore> /*!40101 SET character_set_client = utf8 */
No rows affected (0.002 seconds)
0: jdbc:mysql://localhost/metastore> CREATE TABLE IF NOT EXISTS `SERDE_PARAMS` ( `SERDE_ID` bigint(20) NOT NULL, `PARAM_KEY` varchar(256) CHARACTER SET latin1 COLLATE latin1_bin NOT NULL, `PARAM_VALUE` varchar(4000) CHARACTER SET latin1 COLLATE latin1_bin DEFAULT NULL, PRIMARY KEY (`SERDE_ID`,`PARAM_KEY`), KEY `SERDE_PARAMS_N49` (`SERDE_ID`), CONSTRAINT `SERDE_PARAMS_FK1` FOREIGN KEY (`SERDE_ID`) REFERENCES `SERDES` (`SERDE_ID`) ) ENGINE=InnoDB DEFAULT CHARSET=latin1
No rows affected (0.348 seconds)
0: jdbc:mysql://localhost/metastore> /*!40101 SET character_set_client = @saved_cs_client */
No rows affected (0.001 seconds)
0: jdbc:mysql://localhost/metastore> /*!40101 SET @saved_cs_client     = @@character_set_client */
No rows affected (0.003 seconds)
0: jdbc:mysql://localhost/metastore> /*!40101 SET character_set_client = utf8 */
No rows affected (0.003 seconds)
0: jdbc:mysql://localhost/metastore> CREATE TABLE IF NOT EXISTS `SKEWED_COL_NAMES` ( `SD_ID` bigint(20) NOT NULL, `SKEWED_COL_NAME` varchar(256) CHARACTER SET latin1 COLLATE latin1_bin DEFAULT NULL, `INTEGER_IDX` int(11) NOT NULL, PRIMARY KEY (`SD_ID`,`INTEGER_IDX`), KEY `SKEWED_COL_NAMES_N49` (`SD_ID`), CONSTRAINT `SKEWED_COL_NAMES_FK1` FOREIGN KEY (`SD_ID`) REFERENCES `SDS` (`SD_ID`) ) ENGINE=InnoDB DEFAULT CHARSET=latin1
No rows affected (0.319 seconds)
0: jdbc:mysql://localhost/metastore> /*!40101 SET character_set_client = @saved_cs_client */
No rows affected (0.003 seconds)
0: jdbc:mysql://localhost/metastore> /*!40101 SET @saved_cs_client     = @@character_set_client */
No rows affected (0.001 seconds)
0: jdbc:mysql://localhost/metastore> /*!40101 SET character_set_client = utf8 */
No rows affected (0.003 seconds)
0: jdbc:mysql://localhost/metastore> CREATE TABLE IF NOT EXISTS `SKEWED_COL_VALUE_LOC_MAP` ( `SD_ID` bigint(20) NOT NULL, `STRING_LIST_ID_KID` bigint(20) NOT NULL, `LOCATION` varchar(4000) CHARACTER SET latin1 COLLATE latin1_bin DEFAULT NULL, PRIMARY KEY (`SD_ID`,`STRING_LIST_ID_KID`), KEY `SKEWED_COL_VALUE_LOC_MAP_N49` (`STRING_LIST_ID_KID`), KEY `SKEWED_COL_VALUE_LOC_MAP_N50` (`SD_ID`), CONSTRAINT `SKEWED_COL_VALUE_LOC_MAP_FK2` FOREIGN KEY (`STRING_LIST_ID_KID`) REFERENCES `SKEWED_STRING_LIST` (`STRING_LIST_ID`), CONSTRAINT `SKEWED_COL_VALUE_LOC_MAP_FK1` FOREIGN KEY (`SD_ID`) REFERENCES `SDS` (`SD_ID`) ) ENGINE=InnoDB DEFAULT CHARSET=latin1
No rows affected (0.439 seconds)
0: jdbc:mysql://localhost/metastore> /*!40101 SET character_set_client = @saved_cs_client */
No rows affected (0.002 seconds)
0: jdbc:mysql://localhost/metastore> /*!40101 SET @saved_cs_client     = @@character_set_client */
No rows affected (0.001 seconds)
0: jdbc:mysql://localhost/metastore> /*!40101 SET character_set_client = utf8 */
No rows affected (0.002 seconds)
0: jdbc:mysql://localhost/metastore> CREATE TABLE IF NOT EXISTS `SKEWED_STRING_LIST` ( `STRING_LIST_ID` bigint(20) NOT NULL, PRIMARY KEY (`STRING_LIST_ID`) ) ENGINE=InnoDB DEFAULT CHARSET=latin1
No rows affected (0.33 seconds)
0: jdbc:mysql://localhost/metastore> /*!40101 SET character_set_client = @saved_cs_client */
No rows affected (0.002 seconds)
0: jdbc:mysql://localhost/metastore> /*!40101 SET @saved_cs_client     = @@character_set_client */
No rows affected (0.003 seconds)
0: jdbc:mysql://localhost/metastore> /*!40101 SET character_set_client = utf8 */
No rows affected (0.002 seconds)
0: jdbc:mysql://localhost/metastore> CREATE TABLE IF NOT EXISTS `SKEWED_STRING_LIST_VALUES` ( `STRING_LIST_ID` bigint(20) NOT NULL, `STRING_LIST_VALUE` varchar(256) CHARACTER SET latin1 COLLATE latin1_bin DEFAULT NULL, `INTEGER_IDX` int(11) NOT NULL, PRIMARY KEY (`STRING_LIST_ID`,`INTEGER_IDX`), KEY `SKEWED_STRING_LIST_VALUES_N49` (`STRING_LIST_ID`), CONSTRAINT `SKEWED_STRING_LIST_VALUES_FK1` FOREIGN KEY (`STRING_LIST_ID`) REFERENCES `SKEWED_STRING_LIST` (`STRING_LIST_ID`) ) ENGINE=InnoDB DEFAULT CHARSET=latin1
No rows affected (0.469 seconds)
0: jdbc:mysql://localhost/metastore> /*!40101 SET character_set_client = @saved_cs_client */
No rows affected (0.002 seconds)
0: jdbc:mysql://localhost/metastore> /*!40101 SET @saved_cs_client     = @@character_set_client */
No rows affected (0.001 seconds)
0: jdbc:mysql://localhost/metastore> /*!40101 SET character_set_client = utf8 */
No rows affected (0.001 seconds)
0: jdbc:mysql://localhost/metastore> CREATE TABLE IF NOT EXISTS `SKEWED_VALUES` ( `SD_ID_OID` bigint(20) NOT NULL, `STRING_LIST_ID_EID` bigint(20) NOT NULL, `INTEGER_IDX` int(11) NOT NULL, PRIMARY KEY (`SD_ID_OID`,`INTEGER_IDX`), KEY `SKEWED_VALUES_N50` (`SD_ID_OID`), KEY `SKEWED_VALUES_N49` (`STRING_LIST_ID_EID`), CONSTRAINT `SKEWED_VALUES_FK2` FOREIGN KEY (`STRING_LIST_ID_EID`) REFERENCES `SKEWED_STRING_LIST` (`STRING_LIST_ID`), CONSTRAINT `SKEWED_VALUES_FK1` FOREIGN KEY (`SD_ID_OID`) REFERENCES `SDS` (`SD_ID`) ) ENGINE=InnoDB DEFAULT CHARSET=latin1
No rows affected (0.418 seconds)
0: jdbc:mysql://localhost/metastore> /*!40101 SET character_set_client = @saved_cs_client */
No rows affected (0.002 seconds)
0: jdbc:mysql://localhost/metastore> /*!40101 SET @saved_cs_client     = @@character_set_client */
No rows affected (0.001 seconds)
0: jdbc:mysql://localhost/metastore> /*!40101 SET character_set_client = utf8 */
No rows affected (0.001 seconds)
0: jdbc:mysql://localhost/metastore> CREATE TABLE IF NOT EXISTS `SORT_COLS` ( `SD_ID` bigint(20) NOT NULL, `COLUMN_NAME` varchar(128) CHARACTER SET latin1 COLLATE latin1_bin DEFAULT NULL, `ORDER` int(11) NOT NULL, `INTEGER_IDX` int(11) NOT NULL, PRIMARY KEY (`SD_ID`,`INTEGER_IDX`), KEY `SORT_COLS_N49` (`SD_ID`), CONSTRAINT `SORT_COLS_FK1` FOREIGN KEY (`SD_ID`) REFERENCES `SDS` (`SD_ID`) ) ENGINE=InnoDB DEFAULT CHARSET=latin1
No rows affected (0.337 seconds)
0: jdbc:mysql://localhost/metastore> /*!40101 SET character_set_client = @saved_cs_client */
No rows affected (0.001 seconds)
0: jdbc:mysql://localhost/metastore> /*!40101 SET @saved_cs_client     = @@character_set_client */
No rows affected (0.001 seconds)
0: jdbc:mysql://localhost/metastore> /*!40101 SET character_set_client = utf8 */
No rows affected (0.002 seconds)
0: jdbc:mysql://localhost/metastore> CREATE TABLE IF NOT EXISTS `TABLE_PARAMS` ( `TBL_ID` bigint(20) NOT NULL, `PARAM_KEY` varchar(256) CHARACTER SET latin1 COLLATE latin1_bin NOT NULL, `PARAM_VALUE` varchar(4000) CHARACTER SET latin1 COLLATE latin1_bin DEFAULT NULL, PRIMARY KEY (`TBL_ID`,`PARAM_KEY`), KEY `TABLE_PARAMS_N49` (`TBL_ID`), CONSTRAINT `TABLE_PARAMS_FK1` FOREIGN KEY (`TBL_ID`) REFERENCES `TBLS` (`TBL_ID`) ) ENGINE=InnoDB DEFAULT CHARSET=latin1
No rows affected (0.321 seconds)
0: jdbc:mysql://localhost/metastore> /*!40101 SET character_set_client = @saved_cs_client */
No rows affected (0.002 seconds)
0: jdbc:mysql://localhost/metastore> /*!40101 SET @saved_cs_client     = @@character_set_client */
No rows affected (0.001 seconds)
0: jdbc:mysql://localhost/metastore> /*!40101 SET character_set_client = utf8 */
No rows affected (0.001 seconds)
0: jdbc:mysql://localhost/metastore> CREATE TABLE IF NOT EXISTS `TBLS` ( `TBL_ID` bigint(20) NOT NULL, `CREATE_TIME` int(11) NOT NULL, `DB_ID` bigint(20) DEFAULT NULL, `LAST_ACCESS_TIME` int(11) NOT NULL, `OWNER` varchar(767) CHARACTER SET latin1 COLLATE latin1_bin DEFAULT NULL, `RETENTION` int(11) NOT NULL, `SD_ID` bigint(20) DEFAULT NULL, `TBL_NAME` varchar(128) CHARACTER SET latin1 COLLATE latin1_bin DEFAULT NULL, `TBL_TYPE` varchar(128) CHARACTER SET latin1 COLLATE latin1_bin DEFAULT NULL, `VIEW_EXPANDED_TEXT` mediumtext, `VIEW_ORIGINAL_TEXT` mediumtext, `LINK_TARGET_ID` bigint(20) DEFAULT NULL, PRIMARY KEY (`TBL_ID`), UNIQUE KEY `UNIQUETABLE` (`TBL_NAME`,`DB_ID`), KEY `TBLS_N50` (`SD_ID`), KEY `TBLS_N49` (`DB_ID`), KEY `TBLS_N51` (`LINK_TARGET_ID`), CONSTRAINT `TBLS_FK1` FOREIGN KEY (`SD_ID`) REFERENCES `SDS` (`SD_ID`), CONSTRAINT `TBLS_FK2` FOREIGN KEY (`DB_ID`) REFERENCES `DBS` (`DB_ID`), CONSTRAINT `TBLS_FK3` FOREIGN KEY (`LINK_TARGET_ID`) REFERENCES `TBLS` (`TBL_ID`) ) ENGINE=InnoDB DEFAULT CHARSET=latin1
No rows affected (0.477 seconds)
0: jdbc:mysql://localhost/metastore> /*!40101 SET character_set_client = @saved_cs_client */
No rows affected (0.002 seconds)
0: jdbc:mysql://localhost/metastore> /*!40101 SET @saved_cs_client     = @@character_set_client */
No rows affected (0.002 seconds)
0: jdbc:mysql://localhost/metastore> /*!40101 SET character_set_client = utf8 */
No rows affected (0.001 seconds)
0: jdbc:mysql://localhost/metastore> CREATE TABLE IF NOT EXISTS `TBL_COL_PRIVS` ( `TBL_COLUMN_GRANT_ID` bigint(20) NOT NULL, `COLUMN_NAME` varchar(128) CHARACTER SET latin1 COLLATE latin1_bin DEFAULT NULL, `CREATE_TIME` int(11) NOT NULL, `GRANT_OPTION` smallint(6) NOT NULL, `GRANTOR` varchar(128) CHARACTER SET latin1 COLLATE latin1_bin DEFAULT NULL, `GRANTOR_TYPE` varchar(128) CHARACTER SET latin1 COLLATE latin1_bin DEFAULT NULL, `PRINCIPAL_NAME` varchar(128) CHARACTER SET latin1 COLLATE latin1_bin DEFAULT NULL, `PRINCIPAL_TYPE` varchar(128) CHARACTER SET latin1 COLLATE latin1_bin DEFAULT NULL, `TBL_COL_PRIV` varchar(128) CHARACTER SET latin1 COLLATE latin1_bin DEFAULT NULL, `TBL_ID` bigint(20) DEFAULT NULL, PRIMARY KEY (`TBL_COLUMN_GRANT_ID`), KEY `TABLECOLUMNPRIVILEGEINDEX` (`TBL_ID`,`COLUMN_NAME`,`PRINCIPAL_NAME`,`PRINCIPAL_TYPE`,`TBL_COL_PRIV`,`GRANTOR`,`GRANTOR_TYPE`), KEY `TBL_COL_PRIVS_N49` (`TBL_ID`), CONSTRAINT `TBL_COL_PRIVS_FK1` FOREIGN KEY (`TBL_ID`) REFERENCES `TBLS` (`TBL_ID`) ) ENGINE=InnoDB DEFAULT CHARSET=latin1
No rows affected (0.443 seconds)
0: jdbc:mysql://localhost/metastore> /*!40101 SET character_set_client = @saved_cs_client */
No rows affected (0.001 seconds)
0: jdbc:mysql://localhost/metastore> /*!40101 SET @saved_cs_client     = @@character_set_client */
No rows affected (0.002 seconds)
0: jdbc:mysql://localhost/metastore> /*!40101 SET character_set_client = utf8 */
No rows affected (0.006 seconds)
0: jdbc:mysql://localhost/metastore> CREATE TABLE IF NOT EXISTS `TBL_PRIVS` ( `TBL_GRANT_ID` bigint(20) NOT NULL, `CREATE_TIME` int(11) NOT NULL, `GRANT_OPTION` smallint(6) NOT NULL, `GRANTOR` varchar(128) CHARACTER SET latin1 COLLATE latin1_bin DEFAULT NULL, `GRANTOR_TYPE` varchar(128) CHARACTER SET latin1 COLLATE latin1_bin DEFAULT NULL, `PRINCIPAL_NAME` varchar(128) CHARACTER SET latin1 COLLATE latin1_bin DEFAULT NULL, `PRINCIPAL_TYPE` varchar(128) CHARACTER SET latin1 COLLATE latin1_bin DEFAULT NULL, `TBL_PRIV` varchar(128) CHARACTER SET latin1 COLLATE latin1_bin DEFAULT NULL, `TBL_ID` bigint(20) DEFAULT NULL, PRIMARY KEY (`TBL_GRANT_ID`), KEY `TBL_PRIVS_N49` (`TBL_ID`), KEY `TABLEPRIVILEGEINDEX` (`TBL_ID`,`PRINCIPAL_NAME`,`PRINCIPAL_TYPE`,`TBL_PRIV`,`GRANTOR`,`GRANTOR_TYPE`), CONSTRAINT `TBL_PRIVS_FK1` FOREIGN KEY (`TBL_ID`) REFERENCES `TBLS` (`TBL_ID`) ) ENGINE=InnoDB DEFAULT CHARSET=latin1
No rows affected (0.351 seconds)
0: jdbc:mysql://localhost/metastore> /*!40101 SET character_set_client = @saved_cs_client */
No rows affected (0.002 seconds)
0: jdbc:mysql://localhost/metastore> CREATE TABLE IF NOT EXISTS `TAB_COL_STATS` ( `CS_ID` bigint(20) NOT NULL, `DB_NAME` varchar(128) CHARACTER SET latin1 COLLATE latin1_bin NOT NULL, `TABLE_NAME` varchar(128) CHARACTER SET latin1 COLLATE latin1_bin NOT NULL, `COLUMN_NAME` varchar(128) CHARACTER SET latin1 COLLATE latin1_bin NOT NULL, `COLUMN_TYPE` varchar(128) CHARACTER SET latin1 COLLATE latin1_bin NOT NULL, `TBL_ID` bigint(20) NOT NULL, `LONG_LOW_VALUE` bigint(20), `LONG_HIGH_VALUE` bigint(20), `DOUBLE_HIGH_VALUE` double(53,4), `DOUBLE_LOW_VALUE` double(53,4), `BIG_DECIMAL_LOW_VALUE` varchar(4000) CHARACTER SET latin1 COLLATE latin1_bin, `BIG_DECIMAL_HIGH_VALUE` varchar(4000) CHARACTER SET latin1 COLLATE latin1_bin, `NUM_NULLS` bigint(20) NOT NULL, `NUM_DISTINCTS` bigint(20), `AVG_COL_LEN` double(53,4), `MAX_COL_LEN` bigint(20), `NUM_TRUES` bigint(20), `NUM_FALSES` bigint(20), `LAST_ANALYZED` bigint(20) NOT NULL, PRIMARY KEY (`CS_ID`), CONSTRAINT `TAB_COL_STATS_FK` FOREIGN KEY (`TBL_ID`) REFERENCES `TBLS` (`TBL_ID`) ) ENGINE=InnoDB DEFAULT CHARSET=latin1
No rows affected (0.53 seconds)
0: jdbc:mysql://localhost/metastore> CREATE TABLE IF NOT EXISTS `PART_COL_STATS` ( `CS_ID` bigint(20) NOT NULL, `DB_NAME` varchar(128) CHARACTER SET latin1 COLLATE latin1_bin NOT NULL, `TABLE_NAME` varchar(128) CHARACTER SET latin1 COLLATE latin1_bin NOT NULL, `PARTITION_NAME` varchar(767) CHARACTER SET latin1 COLLATE latin1_bin NOT NULL, `COLUMN_NAME` varchar(128) CHARACTER SET latin1 COLLATE latin1_bin NOT NULL, `COLUMN_TYPE` varchar(128) CHARACTER SET latin1 COLLATE latin1_bin NOT NULL, `PART_ID` bigint(20) NOT NULL, `LONG_LOW_VALUE` bigint(20), `LONG_HIGH_VALUE` bigint(20), `DOUBLE_HIGH_VALUE` double(53,4), `DOUBLE_LOW_VALUE` double(53,4), `BIG_DECIMAL_LOW_VALUE` varchar(4000) CHARACTER SET latin1 COLLATE latin1_bin, `BIG_DECIMAL_HIGH_VALUE` varchar(4000) CHARACTER SET latin1 COLLATE latin1_bin, `NUM_NULLS` bigint(20) NOT NULL, `NUM_DISTINCTS` bigint(20), `AVG_COL_LEN` double(53,4), `MAX_COL_LEN` bigint(20), `NUM_TRUES` bigint(20), `NUM_FALSES` bigint(20), `LAST_ANALYZED` bigint(20) NOT NULL, PRIMARY KEY (`CS_ID`), CONSTRAINT `PART_COL_STATS_FK` FOREIGN KEY (`PART_ID`) REFERENCES `PARTITIONS` (`PART_ID`) ) ENGINE=InnoDB DEFAULT CHARSET=latin1
No rows affected (0.371 seconds)
0: jdbc:mysql://localhost/metastore> CREATE INDEX PCS_STATS_IDX ON PART_COL_STATS (DB_NAME,TABLE_NAME,COLUMN_NAME,PARTITION_NAME) USING BTREE
No rows affected (0.277 seconds)
0: jdbc:mysql://localhost/metastore> /*!40101 SET @saved_cs_client     = @@character_set_client */
No rows affected (0 seconds)
0: jdbc:mysql://localhost/metastore> /*!40101 SET character_set_client = utf8 */
No rows affected (0.001 seconds)
0: jdbc:mysql://localhost/metastore> CREATE TABLE IF NOT EXISTS `TYPES` ( `TYPES_ID` bigint(20) NOT NULL, `TYPE_NAME` varchar(128) CHARACTER SET latin1 COLLATE latin1_bin DEFAULT NULL, `TYPE1` varchar(767) CHARACTER SET latin1 COLLATE latin1_bin DEFAULT NULL, `TYPE2` varchar(767) CHARACTER SET latin1 COLLATE latin1_bin DEFAULT NULL, PRIMARY KEY (`TYPES_ID`), UNIQUE KEY `UNIQUE_TYPE` (`TYPE_NAME`) ) ENGINE=InnoDB DEFAULT CHARSET=latin1
No rows affected (0.385 seconds)
0: jdbc:mysql://localhost/metastore> /*!40101 SET character_set_client = @saved_cs_client */
No rows affected (0.003 seconds)
0: jdbc:mysql://localhost/metastore> /*!40101 SET @saved_cs_client     = @@character_set_client */
No rows affected (0.001 seconds)
0: jdbc:mysql://localhost/metastore> /*!40101 SET character_set_client = utf8 */
No rows affected (0.002 seconds)
0: jdbc:mysql://localhost/metastore> CREATE TABLE IF NOT EXISTS `TYPE_FIELDS` ( `TYPE_NAME` bigint(20) NOT NULL, `COMMENT` varchar(256) CHARACTER SET latin1 COLLATE latin1_bin DEFAULT NULL, `FIELD_NAME` varchar(128) CHARACTER SET latin1 COLLATE latin1_bin NOT NULL, `FIELD_TYPE` varchar(767) CHARACTER SET latin1 COLLATE latin1_bin NOT NULL, `INTEGER_IDX` int(11) NOT NULL, PRIMARY KEY (`TYPE_NAME`,`FIELD_NAME`), KEY `TYPE_FIELDS_N49` (`TYPE_NAME`), CONSTRAINT `TYPE_FIELDS_FK1` FOREIGN KEY (`TYPE_NAME`) REFERENCES `TYPES` (`TYPES_ID`) ) ENGINE=InnoDB DEFAULT CHARSET=latin1
No rows affected (0.324 seconds)
0: jdbc:mysql://localhost/metastore> CREATE TABLE IF NOT EXISTS `MASTER_KEYS` ( `KEY_ID` INTEGER NOT NULL AUTO_INCREMENT, `MASTER_KEY` VARCHAR(767) BINARY NULL, PRIMARY KEY (`KEY_ID`) ) ENGINE=INNODB DEFAULT CHARSET=latin1
No rows affected (0.365 seconds)
0: jdbc:mysql://localhost/metastore> CREATE TABLE IF NOT EXISTS `DELEGATION_TOKENS` ( `TOKEN_IDENT` VARCHAR(767) BINARY NOT NULL, `TOKEN` VARCHAR(767) BINARY NULL, PRIMARY KEY (`TOKEN_IDENT`) ) ENGINE=INNODB DEFAULT CHARSET=latin1
No rows affected (0.241 seconds)
0: jdbc:mysql://localhost/metastore> CREATE TABLE IF NOT EXISTS `VERSION` ( `VER_ID` BIGINT NOT NULL, `SCHEMA_VERSION` VARCHAR(127) NOT NULL, `VERSION_COMMENT` VARCHAR(255), PRIMARY KEY (`VER_ID`) ) ENGINE=InnoDB DEFAULT CHARSET=latin1
No rows affected (0.239 seconds)
0: jdbc:mysql://localhost/metastore> CREATE TABLE IF NOT EXISTS `FUNCS` ( `FUNC_ID` BIGINT(20) NOT NULL, `CLASS_NAME` VARCHAR(4000) CHARACTER SET latin1 COLLATE latin1_bin, `CREATE_TIME` INT(11) NOT NULL, `DB_ID` BIGINT(20), `FUNC_NAME` VARCHAR(128) CHARACTER SET latin1 COLLATE latin1_bin, `FUNC_TYPE` INT(11) NOT NULL, `OWNER_NAME` VARCHAR(128) CHARACTER SET latin1 COLLATE latin1_bin, `OWNER_TYPE` VARCHAR(10) CHARACTER SET latin1 COLLATE latin1_bin, PRIMARY KEY (`FUNC_ID`), UNIQUE KEY `UNIQUEFUNCTION` (`FUNC_NAME`, `DB_ID`), KEY `FUNCS_N49` (`DB_ID`), CONSTRAINT `FUNCS_FK1` FOREIGN KEY (`DB_ID`) REFERENCES `DBS` (`DB_ID`) ) ENGINE=InnoDB DEFAULT CHARSET=latin1
No rows affected (0.423 seconds)
0: jdbc:mysql://localhost/metastore> CREATE TABLE IF NOT EXISTS `FUNC_RU` ( `FUNC_ID` BIGINT(20) NOT NULL, `RESOURCE_TYPE` INT(11) NOT NULL, `RESOURCE_URI` VARCHAR(4000) CHARACTER SET latin1 COLLATE latin1_bin, `INTEGER_IDX` INT(11) NOT NULL, PRIMARY KEY (`FUNC_ID`, `INTEGER_IDX`), CONSTRAINT `FUNC_RU_FK1` FOREIGN KEY (`FUNC_ID`) REFERENCES `FUNCS` (`FUNC_ID`) ) ENGINE=InnoDB DEFAULT CHARSET=latin1
No rows affected (0.28 seconds)
0: jdbc:mysql://localhost/metastore> CREATE TABLE IF NOT EXISTS `NOTIFICATION_LOG` ( `NL_ID` BIGINT(20) NOT NULL, `EVENT_ID` BIGINT(20) NOT NULL, `EVENT_TIME` INT(11) NOT NULL, `EVENT_TYPE` varchar(32) NOT NULL, `DB_NAME` varchar(128), `TBL_NAME` varchar(128), `MESSAGE` mediumtext, PRIMARY KEY (`NL_ID`) ) ENGINE=InnoDB DEFAULT CHARSET=latin1
No rows affected (0.294 seconds)
0: jdbc:mysql://localhost/metastore> CREATE TABLE IF NOT EXISTS `NOTIFICATION_SEQUENCE` ( `NNI_ID` BIGINT(20) NOT NULL, `NEXT_EVENT_ID` BIGINT(20) NOT NULL, PRIMARY KEY (`NNI_ID`) ) ENGINE=InnoDB DEFAULT CHARSET=latin1
No rows affected (0.409 seconds)
0: jdbc:mysql://localhost/metastore> CREATE TABLE TXNS ( TXN_ID bigint PRIMARY KEY, TXN_STATE char(1) NOT NULL, TXN_STARTED bigint NOT NULL, TXN_LAST_HEARTBEAT bigint NOT NULL, TXN_USER varchar(128) NOT NULL, TXN_HOST varchar(128) NOT NULL ) ENGINE=InnoDB DEFAULT CHARSET=latin1
No rows affected (0.314 seconds)
0: jdbc:mysql://localhost/metastore> CREATE TABLE TXN_COMPONENTS ( TC_TXNID bigint, TC_DATABASE varchar(128) NOT NULL, TC_TABLE varchar(128), TC_PARTITION varchar(767), FOREIGN KEY (TC_TXNID) REFERENCES TXNS (TXN_ID) ) ENGINE=InnoDB DEFAULT CHARSET=latin1
No rows affected (0.315 seconds)
0: jdbc:mysql://localhost/metastore> CREATE TABLE COMPLETED_TXN_COMPONENTS ( CTC_TXNID bigint, CTC_DATABASE varchar(128) NOT NULL, CTC_TABLE varchar(128), CTC_PARTITION varchar(767) ) ENGINE=InnoDB DEFAULT CHARSET=latin1
No rows affected (0.393 seconds)
0: jdbc:mysql://localhost/metastore> CREATE TABLE NEXT_TXN_ID ( NTXN_NEXT bigint NOT NULL ) ENGINE=InnoDB DEFAULT CHARSET=latin1
No rows affected (0.312 seconds)
0: jdbc:mysql://localhost/metastore> INSERT INTO NEXT_TXN_ID VALUES(1)
1 row affected (0.041 seconds)
0: jdbc:mysql://localhost/metastore> CREATE TABLE HIVE_LOCKS ( HL_LOCK_EXT_ID bigint NOT NULL, HL_LOCK_INT_ID bigint NOT NULL, HL_TXNID bigint, HL_DB varchar(128) NOT NULL, HL_TABLE varchar(128), HL_PARTITION varchar(767), HL_LOCK_STATE char(1) not null, HL_LOCK_TYPE char(1) not null, HL_LAST_HEARTBEAT bigint NOT NULL, HL_ACQUIRED_AT bigint, HL_USER varchar(128) NOT NULL, HL_HOST varchar(128) NOT NULL, PRIMARY KEY(HL_LOCK_EXT_ID, HL_LOCK_INT_ID), KEY HIVE_LOCK_TXNID_INDEX (HL_TXNID) ) ENGINE=InnoDB DEFAULT CHARSET=latin1
No rows affected (0.313 seconds)
0: jdbc:mysql://localhost/metastore> CREATE INDEX HL_TXNID_IDX ON HIVE_LOCKS (HL_TXNID)
No rows affected (0.444 seconds)
0: jdbc:mysql://localhost/metastore> CREATE TABLE NEXT_LOCK_ID ( NL_NEXT bigint NOT NULL ) ENGINE=InnoDB DEFAULT CHARSET=latin1
No rows affected (0.263 seconds)
0: jdbc:mysql://localhost/metastore> INSERT INTO NEXT_LOCK_ID VALUES(1)
1 row affected (0.041 seconds)
0: jdbc:mysql://localhost/metastore> CREATE TABLE COMPACTION_QUEUE ( CQ_ID bigint PRIMARY KEY, CQ_DATABASE varchar(128) NOT NULL, CQ_TABLE varchar(128) NOT NULL, CQ_PARTITION varchar(767), CQ_STATE char(1) NOT NULL, CQ_TYPE char(1) NOT NULL, CQ_WORKER_ID varchar(128), CQ_START bigint, CQ_RUN_AS varchar(128) ) ENGINE=InnoDB DEFAULT CHARSET=latin1
No rows affected (0.239 seconds)
0: jdbc:mysql://localhost/metastore> CREATE TABLE NEXT_COMPACTION_QUEUE_ID ( NCQ_NEXT bigint NOT NULL ) ENGINE=InnoDB DEFAULT CHARSET=latin1
No rows affected (0.395 seconds)
0: jdbc:mysql://localhost/metastore> INSERT INTO NEXT_COMPACTION_QUEUE_ID VALUES(1)
1 row affected (0.04 seconds)
0: jdbc:mysql://localhost/metastore> INSERT INTO VERSION (VER_ID, SCHEMA_VERSION, VERSION_COMMENT) VALUES (1, '1.2.0', 'Hive release version 1.2.0')
1 row affected (0.047 seconds)
0: jdbc:mysql://localhost/metastore> /*!40101 SET character_set_client = @saved_cs_client */
No rows affected (0.002 seconds)
0: jdbc:mysql://localhost/metastore> /*!40103 SET TIME_ZONE=@OLD_TIME_ZONE */
No rows affected (0.002 seconds)
0: jdbc:mysql://localhost/metastore> /*!40101 SET SQL_MODE=@OLD_SQL_MODE */
No rows affected (0.002 seconds)
0: jdbc:mysql://localhost/metastore> /*!40014 SET FOREIGN_KEY_CHECKS=@OLD_FOREIGN_KEY_CHECKS */
No rows affected (0.001 seconds)
0: jdbc:mysql://localhost/metastore> /*!40014 SET UNIQUE_CHECKS=@OLD_UNIQUE_CHECKS */
No rows affected (0.002 seconds)
0: jdbc:mysql://localhost/metastore> /*!40101 SET CHARACTER_SET_CLIENT=@OLD_CHARACTER_SET_CLIENT */
No rows affected (0.001 seconds)
0: jdbc:mysql://localhost/metastore> /*!40101 SET CHARACTER_SET_RESULTS=@OLD_CHARACTER_SET_RESULTS */
No rows affected (0.001 seconds)
0: jdbc:mysql://localhost/metastore> /*!40101 SET COLLATION_CONNECTION=@OLD_COLLATION_CONNECTION */
No rows affected (0.002 seconds)
0: jdbc:mysql://localhost/metastore> /*!40111 SET SQL_NOTES=@OLD_SQL_NOTES */
No rows affected (0.001 seconds)
0: jdbc:mysql://localhost/metastore> !closeall
Closing: 0: jdbc:mysql://localhost/metastore?createDatabaseIfNotExist=true&useSSL=false
beeline> 
Initialization script completed
schemaTool completed

