Mon Feb  4 16:24:53 IST 2019 Starting thrift on ubuntu-HP-Pavilion-dv6-NoteBook-PC
core file size          (blocks, -c) 0
data seg size           (kbytes, -d) unlimited
scheduling priority             (-e) 0
file size               (blocks, -f) unlimited
pending signals                 (-i) 31485
max locked memory       (kbytes, -l) 64
max memory size         (kbytes, -m) unlimited
open files                      (-n) 1024
pipe size            (512 bytes, -p) 8
POSIX message queues     (bytes, -q) 819200
real-time priority              (-r) 0
stack size              (kbytes, -s) 8192
cpu time               (seconds, -t) unlimited
max user processes              (-u) 31485
virtual memory          (kbytes, -v) unlimited
file locks                      (-x) unlimited
2019-02-04 16:24:53,981 INFO  [main] util.VersionInfo: HBase 1.2.10
2019-02-04 16:24:53,984 INFO  [main] util.VersionInfo: Source code repository git://amanita/home/busbey/projects/hbase/hbase revision=18f428abb64b405de24d164425e470512e82f287
2019-02-04 16:24:53,984 INFO  [main] util.VersionInfo: Compiled by busbey on Mon Jan  7 16:53:30 CST 2019
2019-02-04 16:24:53,984 INFO  [main] util.VersionInfo: From source with checksum 319107d81f16c35b394a165b0752af44
2019-02-04 16:24:54,515 INFO  [main] thrift.ThriftServerRunner: Using default thrift server type
2019-02-04 16:24:54,515 INFO  [main] thrift.ThriftServerRunner: Using thrift server type threadpool
2019-02-04 16:24:54,547 WARN  [main] util.NativeCodeLoader: Unable to load native-hadoop library for your platform... using builtin-java classes where applicable
2019-02-04 16:24:55,439 INFO  [main] mortbay.log: Logging to org.slf4j.impl.Log4jLoggerAdapter(org.mortbay.log) via org.mortbay.log.Slf4jLog
2019-02-04 16:24:55,445 INFO  [main] http.HttpRequestLog: Http request log for http.requests.thrift is not defined
2019-02-04 16:24:55,462 INFO  [main] http.HttpServer: Added global filter 'safety' (class=org.apache.hadoop.hbase.http.HttpServer$QuotingInputFilter)
2019-02-04 16:24:55,463 INFO  [main] http.HttpServer: Added global filter 'clickjackingprevention' (class=org.apache.hadoop.hbase.http.ClickjackingPreventionFilter)
2019-02-04 16:24:55,479 INFO  [main] http.HttpServer: Added filter static_user_filter (class=org.apache.hadoop.hbase.http.lib.StaticUserWebFilter$StaticUserFilter) to context thrift
2019-02-04 16:24:55,479 INFO  [main] http.HttpServer: Added filter static_user_filter (class=org.apache.hadoop.hbase.http.lib.StaticUserWebFilter$StaticUserFilter) to context logs
2019-02-04 16:24:55,479 INFO  [main] http.HttpServer: Added filter static_user_filter (class=org.apache.hadoop.hbase.http.lib.StaticUserWebFilter$StaticUserFilter) to context static
2019-02-04 16:24:55,504 INFO  [main] http.HttpServer: Jetty bound to port 9095
2019-02-04 16:24:55,505 INFO  [main] mortbay.log: jetty-6.1.26
2019-02-04 16:24:55,928 INFO  [main] mortbay.log: Started SelectChannelConnector@0.0.0.0:9095
2019-02-04 16:24:55,989 INFO  [main] thrift.ThriftServerRunner: starting TBoundedThreadPoolServer on /0.0.0.0:9090 with readTimeout 60000ms; min worker threads=16, max worker threads=1000, max queued requests=1000
